# JRE version: OpenJDK Runtime Environment (17.0+35) (build 17+35-2724)
# Java VM: OpenJDK 64-Bit Server VM (17+35-2724, mixed mode, emulated-client, sharing, tiered, compressed oops, compressed class ptrs, g1 gc, windows-amd64)
GC Precious Log:
 CPUs: 18 total, 18 available
 Memory: 32348M
 Large Page Support: Disabled
 NUMA Support: Disabled
 Compressed Oops: Enabled (Zero based)
 Heap Region Size: 4M
 Heap Min Capacity: 8M
 Heap Initial Capacity: 508M
 Heap Max Capacity: 8088M
 Pre-touch: Disabled
 Parallel Workers: 14
 Concurrent Workers: 4
 Concurrent Refinement Workers: 14
 Periodic GC: Disabled
Heap:
 garbage-first heap   total 520192K, used 238494K [0x0000000606800000, 0x0000000800000000)
  region size 4096K, 59 young (241664K), 2 survivors (8192K)
 Metaspace       used 18815K, committed 19264K, reserved 1064960K
  class space    used 2659K, committed 2880K, reserved 1048576K
GC Heap History (6 events):
Event: 0.488 GC heap before
{Heap before GC invocations=0 (full 0):
 garbage-first heap   total 520192K, used 24576K [0x0000000606800000, 0x0000000800000000)
  region size 4096K, 6 young (24576K), 0 survivors (0K)
 Metaspace       used 7932K, committed 8128K, reserved 1056768K
  class space    used 1029K, committed 1152K, reserved 1048576K
}
Event: 0.493 GC heap after
{Heap after GC invocations=1 (full 0):
 garbage-first heap   total 520192K, used 4737K [0x0000000606800000, 0x0000000800000000)
  region size 4096K, 1 young (4096K), 1 survivors (4096K)
 Metaspace       used 7932K, committed 8128K, reserved 1056768K
  class space    used 1029K, committed 1152K, reserved 1048576K
}
Event: 0.804 GC heap before
{Heap before GC invocations=1 (full 0):
 garbage-first heap   total 520192K, used 25217K [0x0000000606800000, 0x0000000800000000)
  region size 4096K, 6 young (24576K), 1 survivors (4096K)
 Metaspace       used 12411K, committed 12864K, reserved 1064960K
  class space    used 1771K, committed 1984K, reserved 1048576K
}
Event: 0.808 GC heap after
{Heap after GC invocations=2 (full 0):
 garbage-first heap   total 520192K, used 6601K [0x0000000606800000, 0x0000000800000000)
  region size 4096K, 1 young (4096K), 1 survivors (4096K)
 Metaspace       used 12411K, committed 12864K, reserved 1064960K
  class space    used 1771K, committed 1984K, reserved 1048576K
}
Event: 58.493 GC heap before
{Heap before GC invocations=2 (full 0):
 garbage-first heap   total 520192K, used 68041K [0x0000000606800000, 0x0000000800000000)
  region size 4096K, 16 young (65536K), 1 survivors (4096K)
 Metaspace       used 18605K, committed 19072K, reserved 1064960K
  class space    used 2639K, committed 2880K, reserved 1048576K
}
Event: 58.498 GC heap after
{Heap after GC invocations=3 (full 0):
 garbage-first heap   total 520192K, used 9118K [0x0000000606800000, 0x0000000800000000)
  region size 4096K, 2 young (8192K), 2 survivors (8192K)
 Metaspace       used 18605K, committed 19072K, reserved 1064960K
  class space    used 2639K, committed 2880K, reserved 1048576K
}

