# JRE version: OpenJDK Runtime Environment (17.0+35) (build 17+35-2724)
# Java VM: OpenJDK 64-Bit Server VM (17+35-2724, mixed mode, sharing, tiered, compressed oops, compressed class ptrs, g1 gc, windows-amd64)
GC Precious Log:
 CPUs: 18 total, 18 available
 Memory: 32348M
 Large Page Support: Disabled
 NUMA Support: Disabled
 Compressed Oops: Enabled (Zero based)
 Heap Region Size: 4M
 Heap Min Capacity: 8M
 Heap Initial Capacity: 508M
 Heap Max Capacity: 8088M
 Pre-touch: Disabled
 Parallel Workers: 14
 Concurrent Workers: 4
 Concurrent Refinement Workers: 14
 Periodic GC: Disabled
Heap:
 garbage-first heap   total 520192K, used 45167K [0x0000000606800000, 0x0000000800000000)
  region size 4096K, 12 young (49152K), 1 survivors (4096K)
 Metaspace       used 9785K, committed 10048K, reserved 1064960K
  class space    used 1015K, committed 1152K, reserved 1048576K
GC Heap History (20 events):
Event: 48.903 GC heap before
{Heap before GC invocations=223 (full 0):
 garbage-first heap   total 520192K, used 311401K [0x0000000606800000, 0x0000000800000000)
  region size 4096K, 76 young (311296K), 1 survivors (4096K)
 Metaspace       used 9754K, committed 9984K, reserved 1064960K
  class space    used 1013K, committed 1152K, reserved 1048576K
}
Event: 48.904 GC heap after
{Heap after GC invocations=224 (full 0):
 garbage-first heap   total 520192K, used 4203K [0x0000000606800000, 0x0000000800000000)
  region size 4096K, 1 young (4096K), 1 survivors (4096K)
 Metaspace       used 9754K, committed 9984K, reserved 1064960K
  class space    used 1013K, committed 1152K, reserved 1048576K
}
Event: 49.115 GC heap before
{Heap before GC invocations=224 (full 0):
 garbage-first heap   total 520192K, used 311403K [0x0000000606800000, 0x0000000800000000)
  region size 4096K, 76 young (311296K), 1 survivors (4096K)
 Metaspace       used 9754K, committed 9984K, reserved 1064960K
  class space    used 1013K, committed 1152K, reserved 1048576K
}
Event: 49.116 GC heap after
{Heap after GC invocations=225 (full 0):
 garbage-first heap   total 520192K, used 4201K [0x0000000606800000, 0x0000000800000000)
  region size 4096K, 1 young (4096K), 1 survivors (4096K)
 Metaspace       used 9754K, committed 9984K, reserved 1064960K
  class space    used 1013K, committed 1152K, reserved 1048576K
}
Event: 49.333 GC heap before
{Heap before GC invocations=225 (full 0):
 garbage-first heap   total 520192K, used 311401K [0x0000000606800000, 0x0000000800000000)
  region size 4096K, 76 young (311296K), 1 survivors (4096K)
 Metaspace       used 9754K, committed 9984K, reserved 1064960K
  class space    used 1013K, committed 1152K, reserved 1048576K
}
Event: 49.333 GC heap after
{Heap after GC invocations=226 (full 0):
 garbage-first heap   total 520192K, used 4211K [0x0000000606800000, 0x0000000800000000)
  region size 4096K, 1 young (4096K), 1 survivors (4096K)
 Metaspace       used 9754K, committed 9984K, reserved 1064960K
  class space    used 1013K, committed 1152K, reserved 1048576K
}
Event: 49.533 GC heap before
{Heap before GC invocations=226 (full 0):
 garbage-first heap   total 520192K, used 311411K [0x0000000606800000, 0x0000000800000000)
  region size 4096K, 76 young (311296K), 1 survivors (4096K)
 Metaspace       used 9759K, committed 9984K, reserved 1064960K
  class space    used 1013K, committed 1152K, reserved 1048576K
}
Event: 49.533 GC heap after
{Heap after GC invocations=227 (full 0):
 garbage-first heap   total 520192K, used 4207K [0x0000000606800000, 0x0000000800000000)
  region size 4096K, 1 young (4096K), 1 survivors (4096K)
 Metaspace       used 9759K, committed 9984K, reserved 1064960K
  class space    used 1013K, committed 1152K, reserved 1048576K
}
Event: 49.745 GC heap before
{Heap before GC invocations=227 (full 0):
 garbage-first heap   total 520192K, used 311407K [0x0000000606800000, 0x0000000800000000)
  region size 4096K, 76 young (311296K), 1 survivors (4096K)
 Metaspace       used 9759K, committed 9984K, reserved 1064960K
  class space    used 1013K, committed 1152K, reserved 1048576K
}
Event: 49.746 GC heap after
{Heap after GC invocations=228 (full 0):
 garbage-first heap   total 520192K, used 4203K [0x0000000606800000, 0x0000000800000000)
  region size 4096K, 1 young (4096K), 1 survivors (4096K)
 Metaspace       used 9759K, committed 9984K, reserved 1064960K
  class space    used 1013K, committed 1152K, reserved 1048576K
}
Event: 49.976 GC heap before
{Heap before GC invocations=228 (full 0):
 garbage-first heap   total 520192K, used 311403K [0x0000000606800000, 0x0000000800000000)
  region size 4096K, 76 young (311296K), 1 survivors (4096K)
 Metaspace       used 9760K, committed 9984K, reserved 1064960K
  class space    used 1013K, committed 1152K, reserved 1048576K
}
Event: 49.976 GC heap after
{Heap after GC invocations=229 (full 0):
 garbage-first heap   total 520192K, used 4205K [0x0000000606800000, 0x0000000800000000)
  region size 4096K, 1 young (4096K), 1 survivors (4096K)
 Metaspace       used 9760K, committed 9984K, reserved 1064960K
  class space    used 1013K, committed 1152K, reserved 1048576K
}
Event: 50.175 GC heap before
{Heap before GC invocations=229 (full 0):
 garbage-first heap   total 520192K, used 311405K [0x0000000606800000, 0x0000000800000000)
  region size 4096K, 76 young (311296K), 1 survivors (4096K)
 Metaspace       used 9760K, committed 9984K, reserved 1064960K
  class space    used 1013K, committed 1152K, reserved 1048576K
}
Event: 50.176 GC heap after
{Heap after GC invocations=230 (full 0):
 garbage-first heap   total 520192K, used 4201K [0x0000000606800000, 0x0000000800000000)
  region size 4096K, 1 young (4096K), 1 survivors (4096K)
 Metaspace       used 9760K, committed 9984K, reserved 1064960K
  class space    used 1013K, committed 1152K, reserved 1048576K
}
Event: 50.385 GC heap before
{Heap before GC invocations=230 (full 0):
 garbage-first heap   total 520192K, used 311401K [0x0000000606800000, 0x0000000800000000)
  region size 4096K, 76 young (311296K), 1 survivors (4096K)
 Metaspace       used 9760K, committed 9984K, reserved 1064960K
  class space    used 1013K, committed 1152K, reserved 1048576K
}
Event: 50.386 GC heap after
{Heap after GC invocations=231 (full 0):
 garbage-first heap   total 520192K, used 4201K [0x0000000606800000, 0x0000000800000000)
  region size 4096K, 1 young (4096K), 1 survivors (4096K)
 Metaspace       used 9760K, committed 9984K, reserved 1064960K
  class space    used 1013K, committed 1152K, reserved 1048576K
}
Event: 50.589 GC heap before
{Heap before GC invocations=231 (full 0):
 garbage-first heap   total 520192K, used 311401K [0x0000000606800000, 0x0000000800000000)
  region size 4096K, 76 young (311296K), 1 survivors (4096K)
 Metaspace       used 9766K, committed 10048K, reserved 1064960K
  class space    used 1013K, committed 1152K, reserved 1048576K
}
Event: 50.590 GC heap after
{Heap after GC invocations=232 (full 0):
 garbage-first heap   total 520192K, used 4205K [0x0000000606800000, 0x0000000800000000)
  region size 4096K, 1 young (4096K), 1 survivors (4096K)
 Metaspace       used 9766K, committed 10048K, reserved 1064960K
  class space    used 1013K, committed 1152K, reserved 1048576K
}
Event: 50.812 GC heap before
{Heap before GC invocations=232 (full 0):
 garbage-first heap   total 520192K, used 311405K [0x0000000606800000, 0x0000000800000000)
  region size 4096K, 76 young (311296K), 1 survivors (4096K)
 Metaspace       used 9766K, committed 10048K, reserved 1064960K
  class space    used 1013K, committed 1152K, reserved 1048576K
}
Event: 50.813 GC heap after
{Heap after GC invocations=233 (full 0):
 garbage-first heap   total 520192K, used 4207K [0x0000000606800000, 0x0000000800000000)
  region size 4096K, 1 young (4096K), 1 survivors (4096K)
 Metaspace       used 9766K, committed 10048K, reserved 1064960K
  class space    used 1013K, committed 1152K, reserved 1048576K
}

