# JRE version: OpenJDK Runtime Environment (17.0+35) (build 17+35-2724)
# Java VM: OpenJDK 64-Bit Server VM (17+35-2724, mixed mode, sharing, tiered, compressed oops, compressed class ptrs, g1 gc, windows-amd64)
GC Precious Log:
 CPUs: 18 total, 18 available
 Memory: 32348M
 Large Page Support: Disabled
 NUMA Support: Disabled
 Compressed Oops: Enabled (Zero based)
 Heap Region Size: 4M
 Heap Min Capacity: 8M
 Heap Initial Capacity: 508M
 Heap Max Capacity: 8088M
 Pre-touch: Disabled
 Parallel Workers: 14
 Concurrent Workers: 4
 Concurrent Refinement Workers: 14
 Periodic GC: Disabled
Heap:
 garbage-first heap   total 520192K, used 85954K [0x0000000606800000, 0x0000000800000000)
  region size 4096K, 22 young (90112K), 1 survivors (4096K)
 Metaspace       used 9457K, committed 9664K, reserved 1064960K
  class space    used 1009K, committed 1088K, reserved 1048576K
GC Heap History (20 events):
Event: 4.855 GC heap before
{Heap before GC invocations=22 (full 0):
 garbage-first heap   total 520192K, used 311216K [0x0000000606800000, 0x0000000800000000)
  region size 4096K, 76 young (311296K), 1 survivors (4096K)
 Metaspace       used 9421K, committed 9664K, reserved 1064960K
  class space    used 1006K, committed 1088K, reserved 1048576K
}
Event: 4.856 GC heap after
{Heap after GC invocations=23 (full 0):
 garbage-first heap   total 520192K, used 4029K [0x0000000606800000, 0x0000000800000000)
  region size 4096K, 1 young (4096K), 1 survivors (4096K)
 Metaspace       used 9421K, committed 9664K, reserved 1064960K
  class space    used 1006K, committed 1088K, reserved 1048576K
}
Event: 5.052 GC heap before
{Heap before GC invocations=23 (full 0):
 garbage-first heap   total 520192K, used 311229K [0x0000000606800000, 0x0000000800000000)
  region size 4096K, 76 young (311296K), 1 survivors (4096K)
 Metaspace       used 9435K, committed 9664K, reserved 1064960K
  class space    used 1007K, committed 1088K, reserved 1048576K
}
Event: 5.052 GC heap after
{Heap after GC invocations=24 (full 0):
 garbage-first heap   total 520192K, used 4025K [0x0000000606800000, 0x0000000800000000)
  region size 4096K, 1 young (4096K), 1 survivors (4096K)
 Metaspace       used 9435K, committed 9664K, reserved 1064960K
  class space    used 1007K, committed 1088K, reserved 1048576K
}
Event: 5.261 GC heap before
{Heap before GC invocations=24 (full 0):
 garbage-first heap   total 520192K, used 311225K [0x0000000606800000, 0x0000000800000000)
  region size 4096K, 76 young (311296K), 1 survivors (4096K)
 Metaspace       used 9435K, committed 9664K, reserved 1064960K
  class space    used 1007K, committed 1088K, reserved 1048576K
}
Event: 5.261 GC heap after
{Heap after GC invocations=25 (full 0):
 garbage-first heap   total 520192K, used 4023K [0x0000000606800000, 0x0000000800000000)
  region size 4096K, 1 young (4096K), 1 survivors (4096K)
 Metaspace       used 9435K, committed 9664K, reserved 1064960K
  class space    used 1007K, committed 1088K, reserved 1048576K
}
Event: 5.460 GC heap before
{Heap before GC invocations=25 (full 0):
 garbage-first heap   total 520192K, used 311223K [0x0000000606800000, 0x0000000800000000)
  region size 4096K, 76 young (311296K), 1 survivors (4096K)
 Metaspace       used 9435K, committed 9664K, reserved 1064960K
  class space    used 1007K, committed 1088K, reserved 1048576K
}
Event: 5.461 GC heap after
{Heap after GC invocations=26 (full 0):
 garbage-first heap   total 520192K, used 4025K [0x0000000606800000, 0x0000000800000000)
  region size 4096K, 1 young (4096K), 1 survivors (4096K)
 Metaspace       used 9435K, committed 9664K, reserved 1064960K
  class space    used 1007K, committed 1088K, reserved 1048576K
}
Event: 5.661 GC heap before
{Heap before GC invocations=26 (full 0):
 garbage-first heap   total 520192K, used 311225K [0x0000000606800000, 0x0000000800000000)
  region size 4096K, 76 young (311296K), 1 survivors (4096K)
 Metaspace       used 9435K, committed 9664K, reserved 1064960K
  class space    used 1007K, committed 1088K, reserved 1048576K
}
Event: 5.662 GC heap after
{Heap after GC invocations=27 (full 0):
 garbage-first heap   total 520192K, used 4028K [0x0000000606800000, 0x0000000800000000)
  region size 4096K, 1 young (4096K), 1 survivors (4096K)
 Metaspace       used 9435K, committed 9664K, reserved 1064960K
  class space    used 1007K, committed 1088K, reserved 1048576K
}
Event: 5.886 GC heap before
{Heap before GC invocations=27 (full 0):
 garbage-first heap   total 520192K, used 311228K [0x0000000606800000, 0x0000000800000000)
  region size 4096K, 76 young (311296K), 1 survivors (4096K)
 Metaspace       used 9435K, committed 9664K, reserved 1064960K
  class space    used 1007K, committed 1088K, reserved 1048576K
}
Event: 5.887 GC heap after
{Heap after GC invocations=28 (full 0):
 garbage-first heap   total 520192K, used 4034K [0x0000000606800000, 0x0000000800000000)
  region size 4096K, 1 young (4096K), 1 survivors (4096K)
 Metaspace       used 9435K, committed 9664K, reserved 1064960K
  class space    used 1007K, committed 1088K, reserved 1048576K
}
Event: 6.098 GC heap before
{Heap before GC invocations=28 (full 0):
 garbage-first heap   total 520192K, used 311234K [0x0000000606800000, 0x0000000800000000)
  region size 4096K, 76 young (311296K), 1 survivors (4096K)
 Metaspace       used 9439K, committed 9664K, reserved 1064960K
  class space    used 1007K, committed 1088K, reserved 1048576K
}
Event: 6.099 GC heap after
{Heap after GC invocations=29 (full 0):
 garbage-first heap   total 520192K, used 4036K [0x0000000606800000, 0x0000000800000000)
  region size 4096K, 1 young (4096K), 1 survivors (4096K)
 Metaspace       used 9439K, committed 9664K, reserved 1064960K
  class space    used 1007K, committed 1088K, reserved 1048576K
}
Event: 6.296 GC heap before
{Heap before GC invocations=29 (full 0):
 garbage-first heap   total 520192K, used 311236K [0x0000000606800000, 0x0000000800000000)
  region size 4096K, 76 young (311296K), 1 survivors (4096K)
 Metaspace       used 9439K, committed 9664K, reserved 1064960K
  class space    used 1007K, committed 1088K, reserved 1048576K
}
Event: 6.296 GC heap after
{Heap after GC invocations=30 (full 0):
 garbage-first heap   total 520192K, used 4036K [0x0000000606800000, 0x0000000800000000)
  region size 4096K, 1 young (4096K), 1 survivors (4096K)
 Metaspace       used 9439K, committed 9664K, reserved 1064960K
  class space    used 1007K, committed 1088K, reserved 1048576K
}
Event: 6.498 GC heap before
{Heap before GC invocations=30 (full 0):
 garbage-first heap   total 520192K, used 311236K [0x0000000606800000, 0x0000000800000000)
  region size 4096K, 76 young (311296K), 1 survivors (4096K)
 Metaspace       used 9439K, committed 9664K, reserved 1064960K
  class space    used 1007K, committed 1088K, reserved 1048576K
}
Event: 6.499 GC heap after
{Heap after GC invocations=31 (full 0):
 garbage-first heap   total 520192K, used 4034K [0x0000000606800000, 0x0000000800000000)
  region size 4096K, 1 young (4096K), 1 survivors (4096K)
 Metaspace       used 9439K, committed 9664K, reserved 1064960K
  class space    used 1007K, committed 1088K, reserved 1048576K
}
Event: 6.702 GC heap before
{Heap before GC invocations=31 (full 0):
 garbage-first heap   total 520192K, used 311234K [0x0000000606800000, 0x0000000800000000)
  region size 4096K, 76 young (311296K), 1 survivors (4096K)
 Metaspace       used 9439K, committed 9664K, reserved 1064960K
  class space    used 1007K, committed 1088K, reserved 1048576K
}
Event: 6.702 GC heap after
{Heap after GC invocations=32 (full 0):
 garbage-first heap   total 520192K, used 4034K [0x0000000606800000, 0x0000000800000000)
  region size 4096K, 1 young (4096K), 1 survivors (4096K)
 Metaspace       used 9439K, committed 9664K, reserved 1064960K
  class space    used 1007K, committed 1088K, reserved 1048576K
}

