# JRE version: OpenJDK Runtime Environment (17.0+35) (build 17+35-2724)
# Java VM: OpenJDK 64-Bit Server VM (17+35-2724, mixed mode, sharing, tiered, compressed oops, compressed class ptrs, g1 gc, windows-amd64)
GC Precious Log:
 CPUs: 18 total, 18 available
 Memory: 32348M
 Large Page Support: Disabled
 NUMA Support: Disabled
 Compressed Oops: Enabled (Zero based)
 Heap Region Size: 4M
 Heap Min Capacity: 8M
 Heap Initial Capacity: 508M
 Heap Max Capacity: 8088M
 Pre-touch: Disabled
 Parallel Workers: 14
 Concurrent Workers: 4
 Concurrent Refinement Workers: 14
 Periodic GC: Disabled
Heap:
 garbage-first heap   total 520192K, used 159867K [0x0000000606800000, 0x0000000800000000)
  region size 4096K, 40 young (163840K), 1 survivors (4096K)
 Metaspace       used 9834K, committed 10048K, reserved 1064960K
  class space    used 1018K, committed 1152K, reserved 1048576K
GC Heap History (20 events):
Event: 73.245 GC heap before
{Heap before GC invocations=342 (full 0):
 garbage-first heap   total 520192K, used 315513K [0x0000000606800000, 0x0000000800000000)
  region size 4096K, 76 young (311296K), 0 survivors (0K)
 Metaspace       used 9805K, committed 10048K, reserved 1064960K
  class space    used 1015K, committed 1152K, reserved 1048576K
}
Event: 73.245 GC heap after
{Heap after GC invocations=343 (full 0):
 garbage-first heap   total 520192K, used 4217K [0x0000000606800000, 0x0000000800000000)
  region size 4096K, 0 young (0K), 0 survivors (0K)
 Metaspace       used 9805K, committed 10048K, reserved 1064960K
  class space    used 1015K, committed 1152K, reserved 1048576K
}
Event: 73.481 GC heap before
{Heap before GC invocations=343 (full 0):
 garbage-first heap   total 520192K, used 315513K [0x0000000606800000, 0x0000000800000000)
  region size 4096K, 76 young (311296K), 0 survivors (0K)
 Metaspace       used 9805K, committed 10048K, reserved 1064960K
  class space    used 1015K, committed 1152K, reserved 1048576K
}
Event: 73.481 GC heap after
{Heap after GC invocations=344 (full 0):
 garbage-first heap   total 520192K, used 4217K [0x0000000606800000, 0x0000000800000000)
  region size 4096K, 0 young (0K), 0 survivors (0K)
 Metaspace       used 9805K, committed 10048K, reserved 1064960K
  class space    used 1015K, committed 1152K, reserved 1048576K
}
Event: 73.708 GC heap before
{Heap before GC invocations=344 (full 0):
 garbage-first heap   total 520192K, used 315513K [0x0000000606800000, 0x0000000800000000)
  region size 4096K, 76 young (311296K), 0 survivors (0K)
 Metaspace       used 9805K, committed 10048K, reserved 1064960K
  class space    used 1015K, committed 1152K, reserved 1048576K
}
Event: 73.709 GC heap after
{Heap after GC invocations=345 (full 0):
 garbage-first heap   total 520192K, used 4229K [0x0000000606800000, 0x0000000800000000)
  region size 4096K, 1 young (4096K), 1 survivors (4096K)
 Metaspace       used 9805K, committed 10048K, reserved 1064960K
  class space    used 1015K, committed 1152K, reserved 1048576K
}
Event: 73.912 GC heap before
{Heap before GC invocations=345 (full 0):
 garbage-first heap   total 520192K, used 311429K [0x0000000606800000, 0x0000000800000000)
  region size 4096K, 76 young (311296K), 1 survivors (4096K)
 Metaspace       used 9806K, committed 10048K, reserved 1064960K
  class space    used 1015K, committed 1152K, reserved 1048576K
}
Event: 73.913 GC heap after
{Heap after GC invocations=346 (full 0):
 garbage-first heap   total 520192K, used 4217K [0x0000000606800000, 0x0000000800000000)
  region size 4096K, 0 young (0K), 0 survivors (0K)
 Metaspace       used 9806K, committed 10048K, reserved 1064960K
  class space    used 1015K, committed 1152K, reserved 1048576K
}
Event: 74.129 GC heap before
{Heap before GC invocations=346 (full 0):
 garbage-first heap   total 520192K, used 315513K [0x0000000606800000, 0x0000000800000000)
  region size 4096K, 76 young (311296K), 0 survivors (0K)
 Metaspace       used 9806K, committed 10048K, reserved 1064960K
  class space    used 1015K, committed 1152K, reserved 1048576K
}
Event: 74.129 GC heap after
{Heap after GC invocations=347 (full 0):
 garbage-first heap   total 520192K, used 4219K [0x0000000606800000, 0x0000000800000000)
  region size 4096K, 1 young (4096K), 1 survivors (4096K)
 Metaspace       used 9806K, committed 10048K, reserved 1064960K
  class space    used 1015K, committed 1152K, reserved 1048576K
}
Event: 74.336 GC heap before
{Heap before GC invocations=347 (full 0):
 garbage-first heap   total 520192K, used 311419K [0x0000000606800000, 0x0000000800000000)
  region size 4096K, 76 young (311296K), 1 survivors (4096K)
 Metaspace       used 9806K, committed 10048K, reserved 1064960K
  class space    used 1015K, committed 1152K, reserved 1048576K
}
Event: 74.337 GC heap after
{Heap after GC invocations=348 (full 0):
 garbage-first heap   total 520192K, used 4219K [0x0000000606800000, 0x0000000800000000)
  region size 4096K, 1 young (4096K), 1 survivors (4096K)
 Metaspace       used 9806K, committed 10048K, reserved 1064960K
  class space    used 1015K, committed 1152K, reserved 1048576K
}
Event: 74.554 GC heap before
{Heap before GC invocations=348 (full 0):
 garbage-first heap   total 520192K, used 311419K [0x0000000606800000, 0x0000000800000000)
  region size 4096K, 76 young (311296K), 1 survivors (4096K)
 Metaspace       used 9806K, committed 10048K, reserved 1064960K
  class space    used 1015K, committed 1152K, reserved 1048576K
}
Event: 74.554 GC heap after
{Heap after GC invocations=349 (full 0):
 garbage-first heap   total 520192K, used 4217K [0x0000000606800000, 0x0000000800000000)
  region size 4096K, 0 young (0K), 0 survivors (0K)
 Metaspace       used 9806K, committed 10048K, reserved 1064960K
  class space    used 1015K, committed 1152K, reserved 1048576K
}
Event: 74.786 GC heap before
{Heap before GC invocations=349 (full 0):
 garbage-first heap   total 520192K, used 315513K [0x0000000606800000, 0x0000000800000000)
  region size 4096K, 76 young (311296K), 0 survivors (0K)
 Metaspace       used 9806K, committed 10048K, reserved 1064960K
  class space    used 1015K, committed 1152K, reserved 1048576K
}
Event: 74.787 GC heap after
{Heap after GC invocations=350 (full 0):
 garbage-first heap   total 520192K, used 4231K [0x0000000606800000, 0x0000000800000000)
  region size 4096K, 1 young (4096K), 1 survivors (4096K)
 Metaspace       used 9806K, committed 10048K, reserved 1064960K
  class space    used 1015K, committed 1152K, reserved 1048576K
}
Event: 75.033 GC heap before
{Heap before GC invocations=350 (full 0):
 garbage-first heap   total 520192K, used 311431K [0x0000000606800000, 0x0000000800000000)
  region size 4096K, 76 young (311296K), 1 survivors (4096K)
 Metaspace       used 9806K, committed 10048K, reserved 1064960K
  class space    used 1015K, committed 1152K, reserved 1048576K
}
Event: 75.034 GC heap after
{Heap after GC invocations=351 (full 0):
 garbage-first heap   total 520192K, used 4217K [0x0000000606800000, 0x0000000800000000)
  region size 4096K, 0 young (0K), 0 survivors (0K)
 Metaspace       used 9806K, committed 10048K, reserved 1064960K
  class space    used 1015K, committed 1152K, reserved 1048576K
}
Event: 75.269 GC heap before
{Heap before GC invocations=351 (full 0):
 garbage-first heap   total 520192K, used 315513K [0x0000000606800000, 0x0000000800000000)
  region size 4096K, 76 young (311296K), 0 survivors (0K)
 Metaspace       used 9806K, committed 10048K, reserved 1064960K
  class space    used 1015K, committed 1152K, reserved 1048576K
}
Event: 75.270 GC heap after
{Heap after GC invocations=352 (full 0):
 garbage-first heap   total 520192K, used 4219K [0x0000000606800000, 0x0000000800000000)
  region size 4096K, 1 young (4096K), 1 survivors (4096K)
 Metaspace       used 9806K, committed 10048K, reserved 1064960K
  class space    used 1015K, committed 1152K, reserved 1048576K
}

