# JRE version: OpenJDK Runtime Environment (17.0+35) (build 17+35-2724)
# Java VM: OpenJDK 64-Bit Server VM (17+35-2724, mixed mode, sharing, tiered, compressed oops, compressed class ptrs, g1 gc, windows-amd64)
GC Precious Log:
 CPUs: 18 total, 18 available
 Memory: 32348M
 Large Page Support: Disabled
 NUMA Support: Disabled
 Compressed Oops: Enabled (Zero based)
 Heap Region Size: 4M
 Heap Min Capacity: 8M
 Heap Initial Capacity: 508M
 Heap Max Capacity: 8088M
 Pre-touch: Disabled
 Parallel Workers: 14
 Concurrent Workers: 4
 Concurrent Refinement Workers: 14
 Periodic GC: Disabled
Heap:
 garbage-first heap   total 520192K, used 217156K [0x0000000606800000, 0x0000000800000000)
  region size 4096K, 54 young (221184K), 1 survivors (4096K)
 Metaspace       used 9684K, committed 9920K, reserved 1064960K
  class space    used 1016K, committed 1152K, reserved 1048576K
GC Heap History (20 events):
Event: 32.019 GC heap before
{Heap before GC invocations=85 (full 0):
 garbage-first heap   total 520192K, used 311359K [0x0000000606800000, 0x0000000800000000)
  region size 4096K, 76 young (311296K), 1 survivors (4096K)
 Metaspace       used 9658K, committed 9920K, reserved 1064960K
  class space    used 1014K, committed 1152K, reserved 1048576K
}
Event: 32.019 GC heap after
{Heap after GC invocations=86 (full 0):
 garbage-first heap   total 520192K, used 4161K [0x0000000606800000, 0x0000000800000000)
  region size 4096K, 1 young (4096K), 1 survivors (4096K)
 Metaspace       used 9658K, committed 9920K, reserved 1064960K
  class space    used 1014K, committed 1152K, reserved 1048576K
}
Event: 32.411 GC heap before
{Heap before GC invocations=86 (full 0):
 garbage-first heap   total 520192K, used 311361K [0x0000000606800000, 0x0000000800000000)
  region size 4096K, 76 young (311296K), 1 survivors (4096K)
 Metaspace       used 9658K, committed 9920K, reserved 1064960K
  class space    used 1014K, committed 1152K, reserved 1048576K
}
Event: 32.411 GC heap after
{Heap after GC invocations=87 (full 0):
 garbage-first heap   total 520192K, used 4155K [0x0000000606800000, 0x0000000800000000)
  region size 4096K, 1 young (4096K), 1 survivors (4096K)
 Metaspace       used 9658K, committed 9920K, reserved 1064960K
  class space    used 1014K, committed 1152K, reserved 1048576K
}
Event: 32.771 GC heap before
{Heap before GC invocations=87 (full 0):
 garbage-first heap   total 520192K, used 311355K [0x0000000606800000, 0x0000000800000000)
  region size 4096K, 76 young (311296K), 1 survivors (4096K)
 Metaspace       used 9667K, committed 9920K, reserved 1064960K
  class space    used 1014K, committed 1152K, reserved 1048576K
}
Event: 32.771 GC heap after
{Heap after GC invocations=88 (full 0):
 garbage-first heap   total 520192K, used 4153K [0x0000000606800000, 0x0000000800000000)
  region size 4096K, 1 young (4096K), 1 survivors (4096K)
 Metaspace       used 9667K, committed 9920K, reserved 1064960K
  class space    used 1014K, committed 1152K, reserved 1048576K
}
Event: 33.164 GC heap before
{Heap before GC invocations=88 (full 0):
 garbage-first heap   total 520192K, used 311353K [0x0000000606800000, 0x0000000800000000)
  region size 4096K, 76 young (311296K), 1 survivors (4096K)
 Metaspace       used 9668K, committed 9920K, reserved 1064960K
  class space    used 1014K, committed 1152K, reserved 1048576K
}
Event: 33.165 GC heap after
{Heap after GC invocations=89 (full 0):
 garbage-first heap   total 520192K, used 4157K [0x0000000606800000, 0x0000000800000000)
  region size 4096K, 1 young (4096K), 1 survivors (4096K)
 Metaspace       used 9668K, committed 9920K, reserved 1064960K
  class space    used 1014K, committed 1152K, reserved 1048576K
}
Event: 33.528 GC heap before
{Heap before GC invocations=89 (full 0):
 garbage-first heap   total 520192K, used 311357K [0x0000000606800000, 0x0000000800000000)
  region size 4096K, 76 young (311296K), 1 survivors (4096K)
 Metaspace       used 9668K, committed 9920K, reserved 1064960K
  class space    used 1014K, committed 1152K, reserved 1048576K
}
Event: 33.528 GC heap after
{Heap after GC invocations=90 (full 0):
 garbage-first heap   total 520192K, used 4161K [0x0000000606800000, 0x0000000800000000)
  region size 4096K, 1 young (4096K), 1 survivors (4096K)
 Metaspace       used 9668K, committed 9920K, reserved 1064960K
  class space    used 1014K, committed 1152K, reserved 1048576K
}
Event: 33.908 GC heap before
{Heap before GC invocations=90 (full 0):
 garbage-first heap   total 520192K, used 311361K [0x0000000606800000, 0x0000000800000000)
  region size 4096K, 76 young (311296K), 1 survivors (4096K)
 Metaspace       used 9668K, committed 9920K, reserved 1064960K
  class space    used 1014K, committed 1152K, reserved 1048576K
}
Event: 33.908 GC heap after
{Heap after GC invocations=91 (full 0):
 garbage-first heap   total 520192K, used 4159K [0x0000000606800000, 0x0000000800000000)
  region size 4096K, 1 young (4096K), 1 survivors (4096K)
 Metaspace       used 9668K, committed 9920K, reserved 1064960K
  class space    used 1014K, committed 1152K, reserved 1048576K
}
Event: 34.282 GC heap before
{Heap before GC invocations=91 (full 0):
 garbage-first heap   total 520192K, used 311359K [0x0000000606800000, 0x0000000800000000)
  region size 4096K, 76 young (311296K), 1 survivors (4096K)
 Metaspace       used 9668K, committed 9920K, reserved 1064960K
  class space    used 1014K, committed 1152K, reserved 1048576K
}
Event: 34.283 GC heap after
{Heap after GC invocations=92 (full 0):
 garbage-first heap   total 520192K, used 4162K [0x0000000606800000, 0x0000000800000000)
  region size 4096K, 1 young (4096K), 1 survivors (4096K)
 Metaspace       used 9668K, committed 9920K, reserved 1064960K
  class space    used 1014K, committed 1152K, reserved 1048576K
}
Event: 34.642 GC heap before
{Heap before GC invocations=92 (full 0):
 garbage-first heap   total 520192K, used 311362K [0x0000000606800000, 0x0000000800000000)
  region size 4096K, 76 young (311296K), 1 survivors (4096K)
 Metaspace       used 9668K, committed 9920K, reserved 1064960K
  class space    used 1014K, committed 1152K, reserved 1048576K
}
Event: 34.643 GC heap after
{Heap after GC invocations=93 (full 0):
 garbage-first heap   total 520192K, used 4160K [0x0000000606800000, 0x0000000800000000)
  region size 4096K, 1 young (4096K), 1 survivors (4096K)
 Metaspace       used 9668K, committed 9920K, reserved 1064960K
  class space    used 1014K, committed 1152K, reserved 1048576K
}
Event: 35.042 GC heap before
{Heap before GC invocations=93 (full 0):
 garbage-first heap   total 520192K, used 311360K [0x0000000606800000, 0x0000000800000000)
  region size 4096K, 76 young (311296K), 1 survivors (4096K)
 Metaspace       used 9668K, committed 9920K, reserved 1064960K
  class space    used 1014K, committed 1152K, reserved 1048576K
}
Event: 35.043 GC heap after
{Heap after GC invocations=94 (full 0):
 garbage-first heap   total 520192K, used 4168K [0x0000000606800000, 0x0000000800000000)
  region size 4096K, 1 young (4096K), 1 survivors (4096K)
 Metaspace       used 9668K, committed 9920K, reserved 1064960K
  class space    used 1014K, committed 1152K, reserved 1048576K
}
Event: 35.413 GC heap before
{Heap before GC invocations=94 (full 0):
 garbage-first heap   total 520192K, used 311368K [0x0000000606800000, 0x0000000800000000)
  region size 4096K, 76 young (311296K), 1 survivors (4096K)
 Metaspace       used 9668K, committed 9920K, reserved 1064960K
  class space    used 1014K, committed 1152K, reserved 1048576K
}
Event: 35.414 GC heap after
{Heap after GC invocations=95 (full 0):
 garbage-first heap   total 520192K, used 4164K [0x0000000606800000, 0x0000000800000000)
  region size 4096K, 1 young (4096K), 1 survivors (4096K)
 Metaspace       used 9668K, committed 9920K, reserved 1064960K
  class space    used 1014K, committed 1152K, reserved 1048576K
}

