# JRE version: OpenJDK Runtime Environment (17.0+35) (build 17+35-2724)
# Java VM: OpenJDK 64-Bit Server VM (17+35-2724, mixed mode, sharing, tiered, compressed oops, compressed class ptrs, g1 gc, windows-amd64)
GC Precious Log:
 CPUs: 18 total, 18 available
 Memory: 32348M
 Large Page Support: Disabled
 NUMA Support: Disabled
 Compressed Oops: Enabled (Zero based)
 Heap Region Size: 4M
 Heap Min Capacity: 8M
 Heap Initial Capacity: 508M
 Heap Max Capacity: 8088M
 Pre-touch: Disabled
 Parallel Workers: 14
 Concurrent Workers: 4
 Concurrent Refinement Workers: 14
 Periodic GC: Disabled
Heap:
 garbage-first heap   total 520192K, used 266277K [0x0000000606800000, 0x0000000800000000)
  region size 4096K, 66 young (270336K), 1 survivors (4096K)
 Metaspace       used 9702K, committed 9920K, reserved 1064960K
  class space    used 1015K, committed 1152K, reserved 1048576K
GC Heap History (20 events):
Event: 31.815 GC heap before
{Heap before GC invocations=148 (full 0):
 garbage-first heap   total 520192K, used 311326K [0x0000000606800000, 0x0000000800000000)
  region size 4096K, 76 young (311296K), 1 survivors (4096K)
 Metaspace       used 9674K, committed 9920K, reserved 1064960K
  class space    used 1013K, committed 1152K, reserved 1048576K
}
Event: 31.815 GC heap after
{Heap after GC invocations=149 (full 0):
 garbage-first heap   total 520192K, used 4126K [0x0000000606800000, 0x0000000800000000)
  region size 4096K, 1 young (4096K), 1 survivors (4096K)
 Metaspace       used 9674K, committed 9920K, reserved 1064960K
  class space    used 1013K, committed 1152K, reserved 1048576K
}
Event: 32.018 GC heap before
{Heap before GC invocations=149 (full 0):
 garbage-first heap   total 520192K, used 311326K [0x0000000606800000, 0x0000000800000000)
  region size 4096K, 76 young (311296K), 1 survivors (4096K)
 Metaspace       used 9674K, committed 9920K, reserved 1064960K
  class space    used 1013K, committed 1152K, reserved 1048576K
}
Event: 32.018 GC heap after
{Heap after GC invocations=150 (full 0):
 garbage-first heap   total 520192K, used 4135K [0x0000000606800000, 0x0000000800000000)
  region size 4096K, 1 young (4096K), 1 survivors (4096K)
 Metaspace       used 9674K, committed 9920K, reserved 1064960K
  class space    used 1013K, committed 1152K, reserved 1048576K
}
Event: 32.233 GC heap before
{Heap before GC invocations=150 (full 0):
 garbage-first heap   total 520192K, used 311335K [0x0000000606800000, 0x0000000800000000)
  region size 4096K, 76 young (311296K), 1 survivors (4096K)
 Metaspace       used 9675K, committed 9920K, reserved 1064960K
  class space    used 1013K, committed 1152K, reserved 1048576K
}
Event: 32.234 GC heap after
{Heap after GC invocations=151 (full 0):
 garbage-first heap   total 520192K, used 4133K [0x0000000606800000, 0x0000000800000000)
  region size 4096K, 1 young (4096K), 1 survivors (4096K)
 Metaspace       used 9675K, committed 9920K, reserved 1064960K
  class space    used 1013K, committed 1152K, reserved 1048576K
}
Event: 32.449 GC heap before
{Heap before GC invocations=151 (full 0):
 garbage-first heap   total 520192K, used 311333K [0x0000000606800000, 0x0000000800000000)
  region size 4096K, 76 young (311296K), 1 survivors (4096K)
 Metaspace       used 9675K, committed 9920K, reserved 1064960K
  class space    used 1013K, committed 1152K, reserved 1048576K
}
Event: 32.450 GC heap after
{Heap after GC invocations=152 (full 0):
 garbage-first heap   total 520192K, used 4129K [0x0000000606800000, 0x0000000800000000)
  region size 4096K, 1 young (4096K), 1 survivors (4096K)
 Metaspace       used 9675K, committed 9920K, reserved 1064960K
  class space    used 1013K, committed 1152K, reserved 1048576K
}
Event: 32.667 GC heap before
{Heap before GC invocations=152 (full 0):
 garbage-first heap   total 520192K, used 311329K [0x0000000606800000, 0x0000000800000000)
  region size 4096K, 76 young (311296K), 1 survivors (4096K)
 Metaspace       used 9684K, committed 9920K, reserved 1064960K
  class space    used 1013K, committed 1152K, reserved 1048576K
}
Event: 32.668 GC heap after
{Heap after GC invocations=153 (full 0):
 garbage-first heap   total 520192K, used 4129K [0x0000000606800000, 0x0000000800000000)
  region size 4096K, 1 young (4096K), 1 survivors (4096K)
 Metaspace       used 9684K, committed 9920K, reserved 1064960K
  class space    used 1013K, committed 1152K, reserved 1048576K
}
Event: 32.883 GC heap before
{Heap before GC invocations=153 (full 0):
 garbage-first heap   total 520192K, used 311329K [0x0000000606800000, 0x0000000800000000)
  region size 4096K, 76 young (311296K), 1 survivors (4096K)
 Metaspace       used 9684K, committed 9920K, reserved 1064960K
  class space    used 1013K, committed 1152K, reserved 1048576K
}
Event: 32.884 GC heap after
{Heap after GC invocations=154 (full 0):
 garbage-first heap   total 520192K, used 4131K [0x0000000606800000, 0x0000000800000000)
  region size 4096K, 1 young (4096K), 1 survivors (4096K)
 Metaspace       used 9684K, committed 9920K, reserved 1064960K
  class space    used 1013K, committed 1152K, reserved 1048576K
}
Event: 33.094 GC heap before
{Heap before GC invocations=154 (full 0):
 garbage-first heap   total 520192K, used 311331K [0x0000000606800000, 0x0000000800000000)
  region size 4096K, 76 young (311296K), 1 survivors (4096K)
 Metaspace       used 9684K, committed 9920K, reserved 1064960K
  class space    used 1013K, committed 1152K, reserved 1048576K
}
Event: 33.094 GC heap after
{Heap after GC invocations=155 (full 0):
 garbage-first heap   total 520192K, used 4134K [0x0000000606800000, 0x0000000800000000)
  region size 4096K, 1 young (4096K), 1 survivors (4096K)
 Metaspace       used 9684K, committed 9920K, reserved 1064960K
  class space    used 1013K, committed 1152K, reserved 1048576K
}
Event: 33.308 GC heap before
{Heap before GC invocations=155 (full 0):
 garbage-first heap   total 520192K, used 311334K [0x0000000606800000, 0x0000000800000000)
  region size 4096K, 76 young (311296K), 1 survivors (4096K)
 Metaspace       used 9684K, committed 9920K, reserved 1064960K
  class space    used 1013K, committed 1152K, reserved 1048576K
}
Event: 33.309 GC heap after
{Heap after GC invocations=156 (full 0):
 garbage-first heap   total 520192K, used 4133K [0x0000000606800000, 0x0000000800000000)
  region size 4096K, 1 young (4096K), 1 survivors (4096K)
 Metaspace       used 9684K, committed 9920K, reserved 1064960K
  class space    used 1013K, committed 1152K, reserved 1048576K
}
Event: 33.520 GC heap before
{Heap before GC invocations=156 (full 0):
 garbage-first heap   total 520192K, used 311333K [0x0000000606800000, 0x0000000800000000)
  region size 4096K, 76 young (311296K), 1 survivors (4096K)
 Metaspace       used 9684K, committed 9920K, reserved 1064960K
  class space    used 1013K, committed 1152K, reserved 1048576K
}
Event: 33.521 GC heap after
{Heap after GC invocations=157 (full 0):
 garbage-first heap   total 520192K, used 4133K [0x0000000606800000, 0x0000000800000000)
  region size 4096K, 1 young (4096K), 1 survivors (4096K)
 Metaspace       used 9684K, committed 9920K, reserved 1064960K
  class space    used 1013K, committed 1152K, reserved 1048576K
}
Event: 33.740 GC heap before
{Heap before GC invocations=157 (full 0):
 garbage-first heap   total 520192K, used 311333K [0x0000000606800000, 0x0000000800000000)
  region size 4096K, 76 young (311296K), 1 survivors (4096K)
 Metaspace       used 9684K, committed 9920K, reserved 1064960K
  class space    used 1013K, committed 1152K, reserved 1048576K
}
Event: 33.740 GC heap after
{Heap after GC invocations=158 (full 0):
 garbage-first heap   total 520192K, used 4133K [0x0000000606800000, 0x0000000800000000)
  region size 4096K, 1 young (4096K), 1 survivors (4096K)
 Metaspace       used 9684K, committed 9920K, reserved 1064960K
  class space    used 1013K, committed 1152K, reserved 1048576K
}

