# JRE version: OpenJDK Runtime Environment (17.0+35) (build 17+35-2724)
# Java VM: OpenJDK 64-Bit Server VM (17+35-2724, mixed mode, sharing, tiered, compressed oops, compressed class ptrs, g1 gc, windows-amd64)
GC Precious Log:
 CPUs: 18 total, 18 available
 Memory: 32348M
 Large Page Support: Disabled
 NUMA Support: Disabled
 Compressed Oops: Enabled (Zero based)
 Heap Region Size: 4M
 Heap Min Capacity: 8M
 Heap Initial Capacity: 508M
 Heap Max Capacity: 8088M
 Pre-touch: Disabled
 Parallel Workers: 14
 Concurrent Workers: 4
 Concurrent Refinement Workers: 14
 Periodic GC: Disabled
Heap:
 garbage-first heap   total 520192K, used 90371K [0x0000000606800000, 0x0000000800000000)
  region size 4096K, 22 young (90112K), 0 survivors (0K)
 Metaspace       used 10007K, committed 10304K, reserved 1064960K
  class space    used 999K, committed 1152K, reserved 1048576K
GC Heap History (20 events):
Event: 394.113 GC heap before
{Heap before GC invocations=1381 (full 0):
 garbage-first heap   total 520192K, used 315651K [0x0000000606800000, 0x0000000800000000)
  region size 4096K, 76 young (311296K), 0 survivors (0K)
 Metaspace       used 9991K, committed 10240K, reserved 1064960K
  class space    used 997K, committed 1152K, reserved 1048576K
}
Event: 394.114 GC heap after
{Heap after GC invocations=1382 (full 0):
 garbage-first heap   total 520192K, used 4357K [0x0000000606800000, 0x0000000800000000)
  region size 4096K, 1 young (4096K), 1 survivors (4096K)
 Metaspace       used 9991K, committed 10240K, reserved 1064960K
  class space    used 997K, committed 1152K, reserved 1048576K
}
Event: 394.395 GC heap before
{Heap before GC invocations=1382 (full 0):
 garbage-first heap   total 520192K, used 311557K [0x0000000606800000, 0x0000000800000000)
  region size 4096K, 76 young (311296K), 1 survivors (4096K)
 Metaspace       used 9991K, committed 10240K, reserved 1064960K
  class space    used 997K, committed 1152K, reserved 1048576K
}
Event: 394.396 GC heap after
{Heap after GC invocations=1383 (full 0):
 garbage-first heap   total 520192K, used 4357K [0x0000000606800000, 0x0000000800000000)
  region size 4096K, 1 young (4096K), 1 survivors (4096K)
 Metaspace       used 9991K, committed 10240K, reserved 1064960K
  class space    used 997K, committed 1152K, reserved 1048576K
}
Event: 394.694 GC heap before
{Heap before GC invocations=1383 (full 0):
 garbage-first heap   total 520192K, used 311557K [0x0000000606800000, 0x0000000800000000)
  region size 4096K, 76 young (311296K), 1 survivors (4096K)
 Metaspace       used 9991K, committed 10240K, reserved 1064960K
  class space    used 997K, committed 1152K, reserved 1048576K
}
Event: 394.695 GC heap after
{Heap after GC invocations=1384 (full 0):
 garbage-first heap   total 520192K, used 4355K [0x0000000606800000, 0x0000000800000000)
  region size 4096K, 0 young (0K), 0 survivors (0K)
 Metaspace       used 9991K, committed 10240K, reserved 1064960K
  class space    used 997K, committed 1152K, reserved 1048576K
}
Event: 394.984 GC heap before
{Heap before GC invocations=1384 (full 0):
 garbage-first heap   total 520192K, used 315651K [0x0000000606800000, 0x0000000800000000)
  region size 4096K, 76 young (311296K), 0 survivors (0K)
 Metaspace       used 9991K, committed 10240K, reserved 1064960K
  class space    used 997K, committed 1152K, reserved 1048576K
}
Event: 394.987 GC heap after
{Heap after GC invocations=1385 (full 0):
 garbage-first heap   total 520192K, used 4355K [0x0000000606800000, 0x0000000800000000)
  region size 4096K, 0 young (0K), 0 survivors (0K)
 Metaspace       used 9991K, committed 10240K, reserved 1064960K
  class space    used 997K, committed 1152K, reserved 1048576K
}
Event: 395.290 GC heap before
{Heap before GC invocations=1385 (full 0):
 garbage-first heap   total 520192K, used 315651K [0x0000000606800000, 0x0000000800000000)
  region size 4096K, 76 young (311296K), 0 survivors (0K)
 Metaspace       used 9991K, committed 10240K, reserved 1064960K
  class space    used 997K, committed 1152K, reserved 1048576K
}
Event: 395.290 GC heap after
{Heap after GC invocations=1386 (full 0):
 garbage-first heap   total 520192K, used 4357K [0x0000000606800000, 0x0000000800000000)
  region size 4096K, 1 young (4096K), 1 survivors (4096K)
 Metaspace       used 9991K, committed 10240K, reserved 1064960K
  class space    used 997K, committed 1152K, reserved 1048576K
}
Event: 395.586 GC heap before
{Heap before GC invocations=1386 (full 0):
 garbage-first heap   total 520192K, used 311557K [0x0000000606800000, 0x0000000800000000)
  region size 4096K, 76 young (311296K), 1 survivors (4096K)
 Metaspace       used 9991K, committed 10240K, reserved 1064960K
  class space    used 997K, committed 1152K, reserved 1048576K
}
Event: 395.586 GC heap after
{Heap after GC invocations=1387 (full 0):
 garbage-first heap   total 520192K, used 4355K [0x0000000606800000, 0x0000000800000000)
  region size 4096K, 0 young (0K), 0 survivors (0K)
 Metaspace       used 9991K, committed 10240K, reserved 1064960K
  class space    used 997K, committed 1152K, reserved 1048576K
}
Event: 395.893 GC heap before
{Heap before GC invocations=1387 (full 0):
 garbage-first heap   total 520192K, used 315651K [0x0000000606800000, 0x0000000800000000)
  region size 4096K, 76 young (311296K), 0 survivors (0K)
 Metaspace       used 9991K, committed 10240K, reserved 1064960K
  class space    used 997K, committed 1152K, reserved 1048576K
}
Event: 395.894 GC heap after
{Heap after GC invocations=1388 (full 0):
 garbage-first heap   total 520192K, used 4355K [0x0000000606800000, 0x0000000800000000)
  region size 4096K, 0 young (0K), 0 survivors (0K)
 Metaspace       used 9991K, committed 10240K, reserved 1064960K
  class space    used 997K, committed 1152K, reserved 1048576K
}
Event: 396.182 GC heap before
{Heap before GC invocations=1388 (full 0):
 garbage-first heap   total 520192K, used 315651K [0x0000000606800000, 0x0000000800000000)
  region size 4096K, 76 young (311296K), 0 survivors (0K)
 Metaspace       used 9991K, committed 10240K, reserved 1064960K
  class space    used 997K, committed 1152K, reserved 1048576K
}
Event: 396.182 GC heap after
{Heap after GC invocations=1389 (full 0):
 garbage-first heap   total 520192K, used 4355K [0x0000000606800000, 0x0000000800000000)
  region size 4096K, 0 young (0K), 0 survivors (0K)
 Metaspace       used 9991K, committed 10240K, reserved 1064960K
  class space    used 997K, committed 1152K, reserved 1048576K
}
Event: 396.478 GC heap before
{Heap before GC invocations=1389 (full 0):
 garbage-first heap   total 520192K, used 315651K [0x0000000606800000, 0x0000000800000000)
  region size 4096K, 76 young (311296K), 0 survivors (0K)
 Metaspace       used 9991K, committed 10240K, reserved 1064960K
  class space    used 997K, committed 1152K, reserved 1048576K
}
Event: 396.478 GC heap after
{Heap after GC invocations=1390 (full 0):
 garbage-first heap   total 520192K, used 4357K [0x0000000606800000, 0x0000000800000000)
  region size 4096K, 1 young (4096K), 1 survivors (4096K)
 Metaspace       used 9991K, committed 10240K, reserved 1064960K
  class space    used 997K, committed 1152K, reserved 1048576K
}
Event: 396.758 GC heap before
{Heap before GC invocations=1390 (full 0):
 garbage-first heap   total 520192K, used 311557K [0x0000000606800000, 0x0000000800000000)
  region size 4096K, 76 young (311296K), 1 survivors (4096K)
 Metaspace       used 9991K, committed 10240K, reserved 1064960K
  class space    used 997K, committed 1152K, reserved 1048576K
}
Event: 396.761 GC heap after
{Heap after GC invocations=1391 (full 0):
 garbage-first heap   total 520192K, used 4355K [0x0000000606800000, 0x0000000800000000)
  region size 4096K, 0 young (0K), 0 survivors (0K)
 Metaspace       used 9991K, committed 10240K, reserved 1064960K
  class space    used 997K, committed 1152K, reserved 1048576K
}

