# JRE version: OpenJDK Runtime Environment (17.0+35) (build 17+35-2724)
# Java VM: OpenJDK 64-Bit Server VM (17+35-2724, mixed mode, sharing, tiered, compressed oops, compressed class ptrs, g1 gc, windows-amd64)
GC Precious Log:
 CPUs: 18 total, 18 available
 Memory: 32348M
 Large Page Support: Disabled
 NUMA Support: Disabled
 Compressed Oops: Enabled (Zero based)
 Heap Region Size: 4M
 Heap Min Capacity: 8M
 Heap Initial Capacity: 508M
 Heap Max Capacity: 8088M
 Pre-touch: Disabled
 Parallel Workers: 14
 Concurrent Workers: 4
 Concurrent Refinement Workers: 14
 Periodic GC: Disabled
Heap:
 garbage-first heap   total 520192K, used 208859K [0x0000000606800000, 0x0000000800000000)
  region size 4096K, 52 young (212992K), 1 survivors (4096K)
 Metaspace       used 9520K, committed 9792K, reserved 1064960K
  class space    used 1012K, committed 1152K, reserved 1048576K
GC Heap History (20 events):
Event: 8.031 GC heap before
{Heap before GC invocations=14 (full 0):
 garbage-first heap   total 520192K, used 311207K [0x0000000606800000, 0x0000000800000000)
  region size 4096K, 76 young (311296K), 1 survivors (4096K)
 Metaspace       used 9440K, committed 9664K, reserved 1064960K
  class space    used 1007K, committed 1088K, reserved 1048576K
}
Event: 8.032 GC heap after
{Heap after GC invocations=15 (full 0):
 garbage-first heap   total 520192K, used 4014K [0x0000000606800000, 0x0000000800000000)
  region size 4096K, 1 young (4096K), 1 survivors (4096K)
 Metaspace       used 9440K, committed 9664K, reserved 1064960K
  class space    used 1007K, committed 1088K, reserved 1048576K
}
Event: 8.645 GC heap before
{Heap before GC invocations=15 (full 0):
 garbage-first heap   total 520192K, used 311214K [0x0000000606800000, 0x0000000800000000)
  region size 4096K, 76 young (311296K), 1 survivors (4096K)
 Metaspace       used 9447K, committed 9664K, reserved 1064960K
  class space    used 1007K, committed 1088K, reserved 1048576K
}
Event: 8.645 GC heap after
{Heap after GC invocations=16 (full 0):
 garbage-first heap   total 520192K, used 4003K [0x0000000606800000, 0x0000000800000000)
  region size 4096K, 1 young (4096K), 1 survivors (4096K)
 Metaspace       used 9447K, committed 9664K, reserved 1064960K
  class space    used 1007K, committed 1088K, reserved 1048576K
}
Event: 9.227 GC heap before
{Heap before GC invocations=16 (full 0):
 garbage-first heap   total 520192K, used 311203K [0x0000000606800000, 0x0000000800000000)
  region size 4096K, 76 young (311296K), 1 survivors (4096K)
 Metaspace       used 9447K, committed 9664K, reserved 1064960K
  class space    used 1007K, committed 1088K, reserved 1048576K
}
Event: 9.228 GC heap after
{Heap after GC invocations=17 (full 0):
 garbage-first heap   total 520192K, used 4007K [0x0000000606800000, 0x0000000800000000)
  region size 4096K, 1 young (4096K), 1 survivors (4096K)
 Metaspace       used 9447K, committed 9664K, reserved 1064960K
  class space    used 1007K, committed 1088K, reserved 1048576K
}
Event: 9.828 GC heap before
{Heap before GC invocations=17 (full 0):
 garbage-first heap   total 520192K, used 311207K [0x0000000606800000, 0x0000000800000000)
  region size 4096K, 76 young (311296K), 1 survivors (4096K)
 Metaspace       used 9476K, committed 9728K, reserved 1064960K
  class space    used 1010K, committed 1152K, reserved 1048576K
}
Event: 9.829 GC heap after
{Heap after GC invocations=18 (full 0):
 garbage-first heap   total 520192K, used 4040K [0x0000000606800000, 0x0000000800000000)
  region size 4096K, 1 young (4096K), 1 survivors (4096K)
 Metaspace       used 9476K, committed 9728K, reserved 1064960K
  class space    used 1010K, committed 1152K, reserved 1048576K
}
Event: 10.418 GC heap before
{Heap before GC invocations=18 (full 0):
 garbage-first heap   total 520192K, used 311240K [0x0000000606800000, 0x0000000800000000)
  region size 4096K, 76 young (311296K), 1 survivors (4096K)
 Metaspace       used 9476K, committed 9728K, reserved 1064960K
  class space    used 1010K, committed 1152K, reserved 1048576K
}
Event: 10.419 GC heap after
{Heap after GC invocations=19 (full 0):
 garbage-first heap   total 520192K, used 4033K [0x0000000606800000, 0x0000000800000000)
  region size 4096K, 1 young (4096K), 1 survivors (4096K)
 Metaspace       used 9476K, committed 9728K, reserved 1064960K
  class space    used 1010K, committed 1152K, reserved 1048576K
}
Event: 11.032 GC heap before
{Heap before GC invocations=19 (full 0):
 garbage-first heap   total 520192K, used 311233K [0x0000000606800000, 0x0000000800000000)
  region size 4096K, 76 young (311296K), 1 survivors (4096K)
 Metaspace       used 9478K, committed 9792K, reserved 1064960K
  class space    used 1010K, committed 1152K, reserved 1048576K
}
Event: 11.033 GC heap after
{Heap after GC invocations=20 (full 0):
 garbage-first heap   total 520192K, used 4041K [0x0000000606800000, 0x0000000800000000)
  region size 4096K, 1 young (4096K), 1 survivors (4096K)
 Metaspace       used 9478K, committed 9792K, reserved 1064960K
  class space    used 1010K, committed 1152K, reserved 1048576K
}
Event: 11.623 GC heap before
{Heap before GC invocations=20 (full 0):
 garbage-first heap   total 520192K, used 311241K [0x0000000606800000, 0x0000000800000000)
  region size 4096K, 76 young (311296K), 1 survivors (4096K)
 Metaspace       used 9480K, committed 9792K, reserved 1064960K
  class space    used 1010K, committed 1152K, reserved 1048576K
}
Event: 11.624 GC heap after
{Heap after GC invocations=21 (full 0):
 garbage-first heap   total 520192K, used 4039K [0x0000000606800000, 0x0000000800000000)
  region size 4096K, 1 young (4096K), 1 survivors (4096K)
 Metaspace       used 9480K, committed 9792K, reserved 1064960K
  class space    used 1010K, committed 1152K, reserved 1048576K
}
Event: 12.205 GC heap before
{Heap before GC invocations=21 (full 0):
 garbage-first heap   total 520192K, used 311239K [0x0000000606800000, 0x0000000800000000)
  region size 4096K, 76 young (311296K), 1 survivors (4096K)
 Metaspace       used 9492K, committed 9792K, reserved 1064960K
  class space    used 1010K, committed 1152K, reserved 1048576K
}
Event: 12.206 GC heap after
{Heap after GC invocations=22 (full 0):
 garbage-first heap   total 520192K, used 4044K [0x0000000606800000, 0x0000000800000000)
  region size 4096K, 1 young (4096K), 1 survivors (4096K)
 Metaspace       used 9492K, committed 9792K, reserved 1064960K
  class space    used 1010K, committed 1152K, reserved 1048576K
}
Event: 12.769 GC heap before
{Heap before GC invocations=22 (full 0):
 garbage-first heap   total 520192K, used 311244K [0x0000000606800000, 0x0000000800000000)
  region size 4096K, 76 young (311296K), 1 survivors (4096K)
 Metaspace       used 9498K, committed 9792K, reserved 1064960K
  class space    used 1010K, committed 1152K, reserved 1048576K
}
Event: 12.769 GC heap after
{Heap after GC invocations=23 (full 0):
 garbage-first heap   total 520192K, used 4044K [0x0000000606800000, 0x0000000800000000)
  region size 4096K, 1 young (4096K), 1 survivors (4096K)
 Metaspace       used 9498K, committed 9792K, reserved 1064960K
  class space    used 1010K, committed 1152K, reserved 1048576K
}
Event: 13.346 GC heap before
{Heap before GC invocations=23 (full 0):
 garbage-first heap   total 520192K, used 311244K [0x0000000606800000, 0x0000000800000000)
  region size 4096K, 76 young (311296K), 1 survivors (4096K)
 Metaspace       used 9502K, committed 9792K, reserved 1064960K
  class space    used 1010K, committed 1152K, reserved 1048576K
}
Event: 13.347 GC heap after
{Heap after GC invocations=24 (full 0):
 garbage-first heap   total 520192K, used 4059K [0x0000000606800000, 0x0000000800000000)
  region size 4096K, 1 young (4096K), 1 survivors (4096K)
 Metaspace       used 9502K, committed 9792K, reserved 1064960K
  class space    used 1010K, committed 1152K, reserved 1048576K
}

