# JRE version: OpenJDK Runtime Environment (17.0+35) (build 17+35-2724)
# Java VM: OpenJDK 64-Bit Server VM (17+35-2724, mixed mode, sharing, tiered, compressed oops, compressed class ptrs, g1 gc, windows-amd64)
GC Precious Log:
 CPUs: 18 total, 18 available
 Memory: 32348M
 Large Page Support: Disabled
 NUMA Support: Disabled
 Compressed Oops: Enabled (Zero based)
 Heap Region Size: 4M
 Heap Min Capacity: 8M
 Heap Initial Capacity: 508M
 Heap Max Capacity: 8088M
 Pre-touch: Disabled
 Parallel Workers: 14
 Concurrent Workers: 4
 Concurrent Refinement Workers: 14
 Periodic GC: Disabled
Heap:
 garbage-first heap   total 520192K, used 254055K [0x0000000606800000, 0x0000000800000000)
  region size 4096K, 63 young (258048K), 1 survivors (4096K)
 Metaspace       used 9771K, committed 10048K, reserved 1064960K
  class space    used 1014K, committed 1152K, reserved 1048576K
GC Heap History (20 events):
Event: 52.128 GC heap before
{Heap before GC invocations=125 (full 0):
 garbage-first heap   total 520192K, used 311399K [0x0000000606800000, 0x0000000800000000)
  region size 4096K, 76 young (311296K), 1 survivors (4096K)
 Metaspace       used 9751K, committed 9984K, reserved 1064960K
  class space    used 1012K, committed 1152K, reserved 1048576K
}
Event: 52.129 GC heap after
{Heap after GC invocations=126 (full 0):
 garbage-first heap   total 520192K, used 4201K [0x0000000606800000, 0x0000000800000000)
  region size 4096K, 1 young (4096K), 1 survivors (4096K)
 Metaspace       used 9751K, committed 9984K, reserved 1064960K
  class space    used 1012K, committed 1152K, reserved 1048576K
}
Event: 52.559 GC heap before
{Heap before GC invocations=126 (full 0):
 garbage-first heap   total 520192K, used 311401K [0x0000000606800000, 0x0000000800000000)
  region size 4096K, 76 young (311296K), 1 survivors (4096K)
 Metaspace       used 9754K, committed 10048K, reserved 1064960K
  class space    used 1012K, committed 1152K, reserved 1048576K
}
Event: 52.560 GC heap after
{Heap after GC invocations=127 (full 0):
 garbage-first heap   total 520192K, used 4199K [0x0000000606800000, 0x0000000800000000)
  region size 4096K, 1 young (4096K), 1 survivors (4096K)
 Metaspace       used 9754K, committed 10048K, reserved 1064960K
  class space    used 1012K, committed 1152K, reserved 1048576K
}
Event: 53.017 GC heap before
{Heap before GC invocations=127 (full 0):
 garbage-first heap   total 520192K, used 311399K [0x0000000606800000, 0x0000000800000000)
  region size 4096K, 76 young (311296K), 1 survivors (4096K)
 Metaspace       used 9754K, committed 10048K, reserved 1064960K
  class space    used 1012K, committed 1152K, reserved 1048576K
}
Event: 53.017 GC heap after
{Heap after GC invocations=128 (full 0):
 garbage-first heap   total 520192K, used 4199K [0x0000000606800000, 0x0000000800000000)
  region size 4096K, 1 young (4096K), 1 survivors (4096K)
 Metaspace       used 9754K, committed 10048K, reserved 1064960K
  class space    used 1012K, committed 1152K, reserved 1048576K
}
Event: 53.453 GC heap before
{Heap before GC invocations=128 (full 0):
 garbage-first heap   total 520192K, used 311399K [0x0000000606800000, 0x0000000800000000)
  region size 4096K, 76 young (311296K), 1 survivors (4096K)
 Metaspace       used 9754K, committed 10048K, reserved 1064960K
  class space    used 1012K, committed 1152K, reserved 1048576K
}
Event: 53.453 GC heap after
{Heap after GC invocations=129 (full 0):
 garbage-first heap   total 520192K, used 4199K [0x0000000606800000, 0x0000000800000000)
  region size 4096K, 1 young (4096K), 1 survivors (4096K)
 Metaspace       used 9754K, committed 10048K, reserved 1064960K
  class space    used 1012K, committed 1152K, reserved 1048576K
}
Event: 53.900 GC heap before
{Heap before GC invocations=129 (full 0):
 garbage-first heap   total 520192K, used 311399K [0x0000000606800000, 0x0000000800000000)
  region size 4096K, 76 young (311296K), 1 survivors (4096K)
 Metaspace       used 9754K, committed 10048K, reserved 1064960K
  class space    used 1012K, committed 1152K, reserved 1048576K
}
Event: 53.901 GC heap after
{Heap after GC invocations=130 (full 0):
 garbage-first heap   total 520192K, used 4195K [0x0000000606800000, 0x0000000800000000)
  region size 4096K, 1 young (4096K), 1 survivors (4096K)
 Metaspace       used 9754K, committed 10048K, reserved 1064960K
  class space    used 1012K, committed 1152K, reserved 1048576K
}
Event: 54.346 GC heap before
{Heap before GC invocations=130 (full 0):
 garbage-first heap   total 520192K, used 311395K [0x0000000606800000, 0x0000000800000000)
  region size 4096K, 76 young (311296K), 1 survivors (4096K)
 Metaspace       used 9755K, committed 10048K, reserved 1064960K
  class space    used 1012K, committed 1152K, reserved 1048576K
}
Event: 54.346 GC heap after
{Heap after GC invocations=131 (full 0):
 garbage-first heap   total 520192K, used 4201K [0x0000000606800000, 0x0000000800000000)
  region size 4096K, 1 young (4096K), 1 survivors (4096K)
 Metaspace       used 9755K, committed 10048K, reserved 1064960K
  class space    used 1012K, committed 1152K, reserved 1048576K
}
Event: 54.794 GC heap before
{Heap before GC invocations=131 (full 0):
 garbage-first heap   total 520192K, used 311401K [0x0000000606800000, 0x0000000800000000)
  region size 4096K, 76 young (311296K), 1 survivors (4096K)
 Metaspace       used 9755K, committed 10048K, reserved 1064960K
  class space    used 1012K, committed 1152K, reserved 1048576K
}
Event: 54.794 GC heap after
{Heap after GC invocations=132 (full 0):
 garbage-first heap   total 520192K, used 4203K [0x0000000606800000, 0x0000000800000000)
  region size 4096K, 1 young (4096K), 1 survivors (4096K)
 Metaspace       used 9755K, committed 10048K, reserved 1064960K
  class space    used 1012K, committed 1152K, reserved 1048576K
}
Event: 55.257 GC heap before
{Heap before GC invocations=132 (full 0):
 garbage-first heap   total 520192K, used 311403K [0x0000000606800000, 0x0000000800000000)
  region size 4096K, 76 young (311296K), 1 survivors (4096K)
 Metaspace       used 9755K, committed 10048K, reserved 1064960K
  class space    used 1012K, committed 1152K, reserved 1048576K
}
Event: 55.258 GC heap after
{Heap after GC invocations=133 (full 0):
 garbage-first heap   total 520192K, used 4195K [0x0000000606800000, 0x0000000800000000)
  region size 4096K, 1 young (4096K), 1 survivors (4096K)
 Metaspace       used 9755K, committed 10048K, reserved 1064960K
  class space    used 1012K, committed 1152K, reserved 1048576K
}
Event: 55.740 GC heap before
{Heap before GC invocations=133 (full 0):
 garbage-first heap   total 520192K, used 311395K [0x0000000606800000, 0x0000000800000000)
  region size 4096K, 76 young (311296K), 1 survivors (4096K)
 Metaspace       used 9755K, committed 10048K, reserved 1064960K
  class space    used 1012K, committed 1152K, reserved 1048576K
}
Event: 55.740 GC heap after
{Heap after GC invocations=134 (full 0):
 garbage-first heap   total 520192K, used 4199K [0x0000000606800000, 0x0000000800000000)
  region size 4096K, 1 young (4096K), 1 survivors (4096K)
 Metaspace       used 9755K, committed 10048K, reserved 1064960K
  class space    used 1012K, committed 1152K, reserved 1048576K
}
Event: 56.191 GC heap before
{Heap before GC invocations=134 (full 0):
 garbage-first heap   total 520192K, used 311399K [0x0000000606800000, 0x0000000800000000)
  region size 4096K, 76 young (311296K), 1 survivors (4096K)
 Metaspace       used 9755K, committed 10048K, reserved 1064960K
  class space    used 1012K, committed 1152K, reserved 1048576K
}
Event: 56.192 GC heap after
{Heap after GC invocations=135 (full 0):
 garbage-first heap   total 520192K, used 4199K [0x0000000606800000, 0x0000000800000000)
  region size 4096K, 1 young (4096K), 1 survivors (4096K)
 Metaspace       used 9755K, committed 10048K, reserved 1064960K
  class space    used 1012K, committed 1152K, reserved 1048576K
}

