# JRE version: OpenJDK Runtime Environment (17.0+35) (build 17+35-2724)
# Java VM: OpenJDK 64-Bit Server VM (17+35-2724, mixed mode, sharing, tiered, compressed oops, compressed class ptrs, g1 gc, windows-amd64)
GC Precious Log:
 CPUs: 18 total, 18 available
 Memory: 32348M
 Large Page Support: Disabled
 NUMA Support: Disabled
 Compressed Oops: Enabled (Zero based)
 Heap Region Size: 4M
 Heap Min Capacity: 8M
 Heap Initial Capacity: 508M
 Heap Max Capacity: 8088M
 Pre-touch: Disabled
 Parallel Workers: 14
 Concurrent Workers: 4
 Concurrent Refinement Workers: 14
 Periodic GC: Disabled
Heap:
 garbage-first heap   total 520192K, used 86033K [0x0000000606800000, 0x0000000800000000)
  region size 4096K, 22 young (90112K), 1 survivors (4096K)
 Metaspace       used 9629K, committed 9856K, reserved 1064960K
  class space    used 1016K, committed 1152K, reserved 1048576K
GC Heap History (20 events):
Event: 22.940 GC heap before
{Heap before GC invocations=112 (full 0):
 garbage-first heap   total 520192K, used 311315K [0x0000000606800000, 0x0000000800000000)
  region size 4096K, 76 young (311296K), 1 survivors (4096K)
 Metaspace       used 9607K, committed 9856K, reserved 1064960K
  class space    used 1014K, committed 1152K, reserved 1048576K
}
Event: 22.941 GC heap after
{Heap after GC invocations=113 (full 0):
 garbage-first heap   total 520192K, used 4109K [0x0000000606800000, 0x0000000800000000)
  region size 4096K, 1 young (4096K), 1 survivors (4096K)
 Metaspace       used 9607K, committed 9856K, reserved 1064960K
  class space    used 1014K, committed 1152K, reserved 1048576K
}
Event: 23.124 GC heap before
{Heap before GC invocations=113 (full 0):
 garbage-first heap   total 520192K, used 311309K [0x0000000606800000, 0x0000000800000000)
  region size 4096K, 76 young (311296K), 1 survivors (4096K)
 Metaspace       used 9607K, committed 9856K, reserved 1064960K
  class space    used 1014K, committed 1152K, reserved 1048576K
}
Event: 23.124 GC heap after
{Heap after GC invocations=114 (full 0):
 garbage-first heap   total 520192K, used 4117K [0x0000000606800000, 0x0000000800000000)
  region size 4096K, 1 young (4096K), 1 survivors (4096K)
 Metaspace       used 9607K, committed 9856K, reserved 1064960K
  class space    used 1014K, committed 1152K, reserved 1048576K
}
Event: 23.312 GC heap before
{Heap before GC invocations=114 (full 0):
 garbage-first heap   total 520192K, used 311317K [0x0000000606800000, 0x0000000800000000)
  region size 4096K, 76 young (311296K), 1 survivors (4096K)
 Metaspace       used 9607K, committed 9856K, reserved 1064960K
  class space    used 1014K, committed 1152K, reserved 1048576K
}
Event: 23.312 GC heap after
{Heap after GC invocations=115 (full 0):
 garbage-first heap   total 520192K, used 4115K [0x0000000606800000, 0x0000000800000000)
  region size 4096K, 1 young (4096K), 1 survivors (4096K)
 Metaspace       used 9607K, committed 9856K, reserved 1064960K
  class space    used 1014K, committed 1152K, reserved 1048576K
}
Event: 23.509 GC heap before
{Heap before GC invocations=115 (full 0):
 garbage-first heap   total 520192K, used 311315K [0x0000000606800000, 0x0000000800000000)
  region size 4096K, 76 young (311296K), 1 survivors (4096K)
 Metaspace       used 9607K, committed 9856K, reserved 1064960K
  class space    used 1014K, committed 1152K, reserved 1048576K
}
Event: 23.509 GC heap after
{Heap after GC invocations=116 (full 0):
 garbage-first heap   total 520192K, used 4115K [0x0000000606800000, 0x0000000800000000)
  region size 4096K, 1 young (4096K), 1 survivors (4096K)
 Metaspace       used 9607K, committed 9856K, reserved 1064960K
  class space    used 1014K, committed 1152K, reserved 1048576K
}
Event: 23.699 GC heap before
{Heap before GC invocations=116 (full 0):
 garbage-first heap   total 520192K, used 311315K [0x0000000606800000, 0x0000000800000000)
  region size 4096K, 76 young (311296K), 1 survivors (4096K)
 Metaspace       used 9607K, committed 9856K, reserved 1064960K
  class space    used 1014K, committed 1152K, reserved 1048576K
}
Event: 23.700 GC heap after
{Heap after GC invocations=117 (full 0):
 garbage-first heap   total 520192K, used 4115K [0x0000000606800000, 0x0000000800000000)
  region size 4096K, 1 young (4096K), 1 survivors (4096K)
 Metaspace       used 9607K, committed 9856K, reserved 1064960K
  class space    used 1014K, committed 1152K, reserved 1048576K
}
Event: 23.888 GC heap before
{Heap before GC invocations=117 (full 0):
 garbage-first heap   total 520192K, used 311315K [0x0000000606800000, 0x0000000800000000)
  region size 4096K, 76 young (311296K), 1 survivors (4096K)
 Metaspace       used 9611K, committed 9856K, reserved 1064960K
  class space    used 1014K, committed 1152K, reserved 1048576K
}
Event: 23.889 GC heap after
{Heap after GC invocations=118 (full 0):
 garbage-first heap   total 520192K, used 4117K [0x0000000606800000, 0x0000000800000000)
  region size 4096K, 1 young (4096K), 1 survivors (4096K)
 Metaspace       used 9611K, committed 9856K, reserved 1064960K
  class space    used 1014K, committed 1152K, reserved 1048576K
}
Event: 24.091 GC heap before
{Heap before GC invocations=118 (full 0):
 garbage-first heap   total 520192K, used 311317K [0x0000000606800000, 0x0000000800000000)
  region size 4096K, 76 young (311296K), 1 survivors (4096K)
 Metaspace       used 9611K, committed 9856K, reserved 1064960K
  class space    used 1014K, committed 1152K, reserved 1048576K
}
Event: 24.092 GC heap after
{Heap after GC invocations=119 (full 0):
 garbage-first heap   total 520192K, used 4109K [0x0000000606800000, 0x0000000800000000)
  region size 4096K, 1 young (4096K), 1 survivors (4096K)
 Metaspace       used 9611K, committed 9856K, reserved 1064960K
  class space    used 1014K, committed 1152K, reserved 1048576K
}
Event: 24.300 GC heap before
{Heap before GC invocations=119 (full 0):
 garbage-first heap   total 520192K, used 311309K [0x0000000606800000, 0x0000000800000000)
  region size 4096K, 76 young (311296K), 1 survivors (4096K)
 Metaspace       used 9611K, committed 9856K, reserved 1064960K
  class space    used 1014K, committed 1152K, reserved 1048576K
}
Event: 24.301 GC heap after
{Heap after GC invocations=120 (full 0):
 garbage-first heap   total 520192K, used 4115K [0x0000000606800000, 0x0000000800000000)
  region size 4096K, 1 young (4096K), 1 survivors (4096K)
 Metaspace       used 9611K, committed 9856K, reserved 1064960K
  class space    used 1014K, committed 1152K, reserved 1048576K
}
Event: 24.497 GC heap before
{Heap before GC invocations=120 (full 0):
 garbage-first heap   total 520192K, used 311315K [0x0000000606800000, 0x0000000800000000)
  region size 4096K, 76 young (311296K), 1 survivors (4096K)
 Metaspace       used 9611K, committed 9856K, reserved 1064960K
  class space    used 1014K, committed 1152K, reserved 1048576K
}
Event: 24.498 GC heap after
{Heap after GC invocations=121 (full 0):
 garbage-first heap   total 520192K, used 4121K [0x0000000606800000, 0x0000000800000000)
  region size 4096K, 1 young (4096K), 1 survivors (4096K)
 Metaspace       used 9611K, committed 9856K, reserved 1064960K
  class space    used 1014K, committed 1152K, reserved 1048576K
}
Event: 24.699 GC heap before
{Heap before GC invocations=121 (full 0):
 garbage-first heap   total 520192K, used 311321K [0x0000000606800000, 0x0000000800000000)
  region size 4096K, 76 young (311296K), 1 survivors (4096K)
 Metaspace       used 9611K, committed 9856K, reserved 1064960K
  class space    used 1014K, committed 1152K, reserved 1048576K
}
Event: 24.700 GC heap after
{Heap after GC invocations=122 (full 0):
 garbage-first heap   total 520192K, used 4113K [0x0000000606800000, 0x0000000800000000)
  region size 4096K, 1 young (4096K), 1 survivors (4096K)
 Metaspace       used 9611K, committed 9856K, reserved 1064960K
  class space    used 1014K, committed 1152K, reserved 1048576K
}

