# JRE version: OpenJDK Runtime Environment (17.0+35) (build 17+35-2724)
# Java VM: OpenJDK 64-Bit Server VM (17+35-2724, mixed mode, sharing, tiered, compressed oops, compressed class ptrs, g1 gc, windows-amd64)
GC Precious Log:
 CPUs: 18 total, 18 available
 Memory: 32348M
 Large Page Support: Disabled
 NUMA Support: Disabled
 Compressed Oops: Enabled (Zero based)
 Heap Region Size: 4M
 Heap Min Capacity: 8M
 Heap Initial Capacity: 508M
 Heap Max Capacity: 8088M
 Pre-touch: Disabled
 Parallel Workers: 14
 Concurrent Workers: 4
 Concurrent Refinement Workers: 14
 Periodic GC: Disabled
Heap:
 garbage-first heap   total 520192K, used 270478K [0x0000000606800000, 0x0000000800000000)
  region size 4096K, 67 young (274432K), 1 survivors (4096K)
 Metaspace       used 9976K, committed 10240K, reserved 1064960K
  class space    used 1016K, committed 1152K, reserved 1048576K
GC Heap History (20 events):
Event: 94.429 GC heap before
{Heap before GC invocations=434 (full 0):
 garbage-first heap   total 520192K, used 311429K [0x0000000606800000, 0x0000000800000000)
  region size 4096K, 76 young (311296K), 1 survivors (4096K)
 Metaspace       used 9938K, committed 10176K, reserved 1064960K
  class space    used 1014K, committed 1152K, reserved 1048576K
}
Event: 94.430 GC heap after
{Heap after GC invocations=435 (full 0):
 garbage-first heap   total 520192K, used 4233K [0x0000000606800000, 0x0000000800000000)
  region size 4096K, 1 young (4096K), 1 survivors (4096K)
 Metaspace       used 9938K, committed 10176K, reserved 1064960K
  class space    used 1014K, committed 1152K, reserved 1048576K
}
Event: 94.634 GC heap before
{Heap before GC invocations=435 (full 0):
 garbage-first heap   total 520192K, used 311433K [0x0000000606800000, 0x0000000800000000)
  region size 4096K, 76 young (311296K), 1 survivors (4096K)
 Metaspace       used 9949K, committed 10176K, reserved 1064960K
  class space    used 1014K, committed 1152K, reserved 1048576K
}
Event: 94.634 GC heap after
{Heap after GC invocations=436 (full 0):
 garbage-first heap   total 520192K, used 4234K [0x0000000606800000, 0x0000000800000000)
  region size 4096K, 1 young (4096K), 1 survivors (4096K)
 Metaspace       used 9949K, committed 10176K, reserved 1064960K
  class space    used 1014K, committed 1152K, reserved 1048576K
}
Event: 94.838 GC heap before
{Heap before GC invocations=436 (full 0):
 garbage-first heap   total 520192K, used 311434K [0x0000000606800000, 0x0000000800000000)
  region size 4096K, 76 young (311296K), 1 survivors (4096K)
 Metaspace       used 9949K, committed 10176K, reserved 1064960K
  class space    used 1014K, committed 1152K, reserved 1048576K
}
Event: 94.839 GC heap after
{Heap after GC invocations=437 (full 0):
 garbage-first heap   total 520192K, used 4232K [0x0000000606800000, 0x0000000800000000)
  region size 4096K, 1 young (4096K), 1 survivors (4096K)
 Metaspace       used 9949K, committed 10176K, reserved 1064960K
  class space    used 1014K, committed 1152K, reserved 1048576K
}
Event: 95.050 GC heap before
{Heap before GC invocations=437 (full 0):
 garbage-first heap   total 520192K, used 311432K [0x0000000606800000, 0x0000000800000000)
  region size 4096K, 76 young (311296K), 1 survivors (4096K)
 Metaspace       used 9949K, committed 10176K, reserved 1064960K
  class space    used 1014K, committed 1152K, reserved 1048576K
}
Event: 95.050 GC heap after
{Heap after GC invocations=438 (full 0):
 garbage-first heap   total 520192K, used 4232K [0x0000000606800000, 0x0000000800000000)
  region size 4096K, 1 young (4096K), 1 survivors (4096K)
 Metaspace       used 9949K, committed 10176K, reserved 1064960K
  class space    used 1014K, committed 1152K, reserved 1048576K
}
Event: 95.264 GC heap before
{Heap before GC invocations=438 (full 0):
 garbage-first heap   total 520192K, used 311432K [0x0000000606800000, 0x0000000800000000)
  region size 4096K, 76 young (311296K), 1 survivors (4096K)
 Metaspace       used 9949K, committed 10176K, reserved 1064960K
  class space    used 1014K, committed 1152K, reserved 1048576K
}
Event: 95.265 GC heap after
{Heap after GC invocations=439 (full 0):
 garbage-first heap   total 520192K, used 4234K [0x0000000606800000, 0x0000000800000000)
  region size 4096K, 1 young (4096K), 1 survivors (4096K)
 Metaspace       used 9949K, committed 10176K, reserved 1064960K
  class space    used 1014K, committed 1152K, reserved 1048576K
}
Event: 95.483 GC heap before
{Heap before GC invocations=439 (full 0):
 garbage-first heap   total 520192K, used 311434K [0x0000000606800000, 0x0000000800000000)
  region size 4096K, 76 young (311296K), 1 survivors (4096K)
 Metaspace       used 9949K, committed 10176K, reserved 1064960K
  class space    used 1014K, committed 1152K, reserved 1048576K
}
Event: 95.483 GC heap after
{Heap after GC invocations=440 (full 0):
 garbage-first heap   total 520192K, used 4234K [0x0000000606800000, 0x0000000800000000)
  region size 4096K, 1 young (4096K), 1 survivors (4096K)
 Metaspace       used 9949K, committed 10176K, reserved 1064960K
  class space    used 1014K, committed 1152K, reserved 1048576K
}
Event: 95.702 GC heap before
{Heap before GC invocations=440 (full 0):
 garbage-first heap   total 520192K, used 311434K [0x0000000606800000, 0x0000000800000000)
  region size 4096K, 76 young (311296K), 1 survivors (4096K)
 Metaspace       used 9949K, committed 10176K, reserved 1064960K
  class space    used 1014K, committed 1152K, reserved 1048576K
}
Event: 95.703 GC heap after
{Heap after GC invocations=441 (full 0):
 garbage-first heap   total 520192K, used 4250K [0x0000000606800000, 0x0000000800000000)
  region size 4096K, 1 young (4096K), 1 survivors (4096K)
 Metaspace       used 9949K, committed 10176K, reserved 1064960K
  class space    used 1014K, committed 1152K, reserved 1048576K
}
Event: 95.911 GC heap before
{Heap before GC invocations=441 (full 0):
 garbage-first heap   total 520192K, used 311450K [0x0000000606800000, 0x0000000800000000)
  region size 4096K, 76 young (311296K), 1 survivors (4096K)
 Metaspace       used 9949K, committed 10176K, reserved 1064960K
  class space    used 1014K, committed 1152K, reserved 1048576K
}
Event: 95.911 GC heap after
{Heap after GC invocations=442 (full 0):
 garbage-first heap   total 520192K, used 4244K [0x0000000606800000, 0x0000000800000000)
  region size 4096K, 1 young (4096K), 1 survivors (4096K)
 Metaspace       used 9949K, committed 10176K, reserved 1064960K
  class space    used 1014K, committed 1152K, reserved 1048576K
}
Event: 96.118 GC heap before
{Heap before GC invocations=442 (full 0):
 garbage-first heap   total 520192K, used 311444K [0x0000000606800000, 0x0000000800000000)
  region size 4096K, 76 young (311296K), 1 survivors (4096K)
 Metaspace       used 9949K, committed 10176K, reserved 1064960K
  class space    used 1014K, committed 1152K, reserved 1048576K
}
Event: 96.118 GC heap after
{Heap after GC invocations=443 (full 0):
 garbage-first heap   total 520192K, used 4242K [0x0000000606800000, 0x0000000800000000)
  region size 4096K, 1 young (4096K), 1 survivors (4096K)
 Metaspace       used 9949K, committed 10176K, reserved 1064960K
  class space    used 1014K, committed 1152K, reserved 1048576K
}
Event: 96.351 GC heap before
{Heap before GC invocations=443 (full 0):
 garbage-first heap   total 520192K, used 311442K [0x0000000606800000, 0x0000000800000000)
  region size 4096K, 76 young (311296K), 1 survivors (4096K)
 Metaspace       used 9949K, committed 10176K, reserved 1064960K
  class space    used 1014K, committed 1152K, reserved 1048576K
}
Event: 96.351 GC heap after
{Heap after GC invocations=444 (full 0):
 garbage-first heap   total 520192K, used 4238K [0x0000000606800000, 0x0000000800000000)
  region size 4096K, 1 young (4096K), 1 survivors (4096K)
 Metaspace       used 9949K, committed 10176K, reserved 1064960K
  class space    used 1014K, committed 1152K, reserved 1048576K
}

