# JRE version: OpenJDK Runtime Environment (17.0+35) (build 17+35-2724)
# Java VM: OpenJDK 64-Bit Server VM (17+35-2724, mixed mode, sharing, tiered, compressed oops, compressed class ptrs, g1 gc, windows-amd64)
GC Precious Log:
 CPUs: 18 total, 18 available
 Memory: 32348M
 Large Page Support: Disabled
 NUMA Support: Disabled
 Compressed Oops: Enabled (Zero based)
 Heap Region Size: 4M
 Heap Min Capacity: 8M
 Heap Initial Capacity: 508M
 Heap Max Capacity: 8088M
 Pre-touch: Disabled
 Parallel Workers: 14
 Concurrent Workers: 4
 Concurrent Refinement Workers: 14
 Periodic GC: Disabled
Heap:
 garbage-first heap   total 520192K, used 122940K [0x0000000606800000, 0x0000000800000000)
  region size 4096K, 31 young (126976K), 1 survivors (4096K)
 Metaspace       used 9660K, committed 9920K, reserved 1064960K
  class space    used 1014K, committed 1152K, reserved 1048576K
GC Heap History (20 events):
Event: 26.751 GC heap before
{Heap before GC invocations=70 (full 0):
 garbage-first heap   total 520192K, used 311349K [0x0000000606800000, 0x0000000800000000)
  region size 4096K, 76 young (311296K), 1 survivors (4096K)
 Metaspace       used 9614K, committed 9856K, reserved 1064960K
  class space    used 1012K, committed 1152K, reserved 1048576K
}
Event: 26.752 GC heap after
{Heap after GC invocations=71 (full 0):
 garbage-first heap   total 520192K, used 4151K [0x0000000606800000, 0x0000000800000000)
  region size 4096K, 1 young (4096K), 1 survivors (4096K)
 Metaspace       used 9614K, committed 9856K, reserved 1064960K
  class space    used 1012K, committed 1152K, reserved 1048576K
}
Event: 27.139 GC heap before
{Heap before GC invocations=71 (full 0):
 garbage-first heap   total 520192K, used 311351K [0x0000000606800000, 0x0000000800000000)
  region size 4096K, 76 young (311296K), 1 survivors (4096K)
 Metaspace       used 9614K, committed 9856K, reserved 1064960K
  class space    used 1012K, committed 1152K, reserved 1048576K
}
Event: 27.140 GC heap after
{Heap after GC invocations=72 (full 0):
 garbage-first heap   total 520192K, used 4155K [0x0000000606800000, 0x0000000800000000)
  region size 4096K, 1 young (4096K), 1 survivors (4096K)
 Metaspace       used 9614K, committed 9856K, reserved 1064960K
  class space    used 1012K, committed 1152K, reserved 1048576K
}
Event: 27.549 GC heap before
{Heap before GC invocations=72 (full 0):
 garbage-first heap   total 520192K, used 311355K [0x0000000606800000, 0x0000000800000000)
  region size 4096K, 76 young (311296K), 1 survivors (4096K)
 Metaspace       used 9624K, committed 9920K, reserved 1064960K
  class space    used 1012K, committed 1152K, reserved 1048576K
}
Event: 27.549 GC heap after
{Heap after GC invocations=73 (full 0):
 garbage-first heap   total 520192K, used 4155K [0x0000000606800000, 0x0000000800000000)
  region size 4096K, 1 young (4096K), 1 survivors (4096K)
 Metaspace       used 9624K, committed 9920K, reserved 1064960K
  class space    used 1012K, committed 1152K, reserved 1048576K
}
Event: 27.936 GC heap before
{Heap before GC invocations=73 (full 0):
 garbage-first heap   total 520192K, used 311355K [0x0000000606800000, 0x0000000800000000)
  region size 4096K, 76 young (311296K), 1 survivors (4096K)
 Metaspace       used 9624K, committed 9920K, reserved 1064960K
  class space    used 1012K, committed 1152K, reserved 1048576K
}
Event: 27.937 GC heap after
{Heap after GC invocations=74 (full 0):
 garbage-first heap   total 520192K, used 4155K [0x0000000606800000, 0x0000000800000000)
  region size 4096K, 1 young (4096K), 1 survivors (4096K)
 Metaspace       used 9624K, committed 9920K, reserved 1064960K
  class space    used 1012K, committed 1152K, reserved 1048576K
}
Event: 28.304 GC heap before
{Heap before GC invocations=74 (full 0):
 garbage-first heap   total 520192K, used 311355K [0x0000000606800000, 0x0000000800000000)
  region size 4096K, 76 young (311296K), 1 survivors (4096K)
 Metaspace       used 9624K, committed 9920K, reserved 1064960K
  class space    used 1012K, committed 1152K, reserved 1048576K
}
Event: 28.305 GC heap after
{Heap after GC invocations=75 (full 0):
 garbage-first heap   total 520192K, used 4153K [0x0000000606800000, 0x0000000800000000)
  region size 4096K, 1 young (4096K), 1 survivors (4096K)
 Metaspace       used 9624K, committed 9920K, reserved 1064960K
  class space    used 1012K, committed 1152K, reserved 1048576K
}
Event: 28.685 GC heap before
{Heap before GC invocations=75 (full 0):
 garbage-first heap   total 520192K, used 311353K [0x0000000606800000, 0x0000000800000000)
  region size 4096K, 76 young (311296K), 1 survivors (4096K)
 Metaspace       used 9628K, committed 9920K, reserved 1064960K
  class space    used 1012K, committed 1152K, reserved 1048576K
}
Event: 28.686 GC heap after
{Heap after GC invocations=76 (full 0):
 garbage-first heap   total 520192K, used 4156K [0x0000000606800000, 0x0000000800000000)
  region size 4096K, 1 young (4096K), 1 survivors (4096K)
 Metaspace       used 9628K, committed 9920K, reserved 1064960K
  class space    used 1012K, committed 1152K, reserved 1048576K
}
Event: 29.062 GC heap before
{Heap before GC invocations=76 (full 0):
 garbage-first heap   total 520192K, used 311356K [0x0000000606800000, 0x0000000800000000)
  region size 4096K, 76 young (311296K), 1 survivors (4096K)
 Metaspace       used 9628K, committed 9920K, reserved 1064960K
  class space    used 1012K, committed 1152K, reserved 1048576K
}
Event: 29.063 GC heap after
{Heap after GC invocations=77 (full 0):
 garbage-first heap   total 520192K, used 4158K [0x0000000606800000, 0x0000000800000000)
  region size 4096K, 1 young (4096K), 1 survivors (4096K)
 Metaspace       used 9628K, committed 9920K, reserved 1064960K
  class space    used 1012K, committed 1152K, reserved 1048576K
}
Event: 29.464 GC heap before
{Heap before GC invocations=77 (full 0):
 garbage-first heap   total 520192K, used 311358K [0x0000000606800000, 0x0000000800000000)
  region size 4096K, 76 young (311296K), 1 survivors (4096K)
 Metaspace       used 9629K, committed 9920K, reserved 1064960K
  class space    used 1012K, committed 1152K, reserved 1048576K
}
Event: 29.464 GC heap after
{Heap after GC invocations=78 (full 0):
 garbage-first heap   total 520192K, used 4150K [0x0000000606800000, 0x0000000800000000)
  region size 4096K, 1 young (4096K), 1 survivors (4096K)
 Metaspace       used 9629K, committed 9920K, reserved 1064960K
  class space    used 1012K, committed 1152K, reserved 1048576K
}
Event: 29.884 GC heap before
{Heap before GC invocations=78 (full 0):
 garbage-first heap   total 520192K, used 311350K [0x0000000606800000, 0x0000000800000000)
  region size 4096K, 76 young (311296K), 1 survivors (4096K)
 Metaspace       used 9639K, committed 9920K, reserved 1064960K
  class space    used 1012K, committed 1152K, reserved 1048576K
}
Event: 29.885 GC heap after
{Heap after GC invocations=79 (full 0):
 garbage-first heap   total 520192K, used 4158K [0x0000000606800000, 0x0000000800000000)
  region size 4096K, 1 young (4096K), 1 survivors (4096K)
 Metaspace       used 9639K, committed 9920K, reserved 1064960K
  class space    used 1012K, committed 1152K, reserved 1048576K
}
Event: 30.249 GC heap before
{Heap before GC invocations=79 (full 0):
 garbage-first heap   total 520192K, used 311358K [0x0000000606800000, 0x0000000800000000)
  region size 4096K, 76 young (311296K), 1 survivors (4096K)
 Metaspace       used 9639K, committed 9920K, reserved 1064960K
  class space    used 1012K, committed 1152K, reserved 1048576K
}
Event: 30.249 GC heap after
{Heap after GC invocations=80 (full 0):
 garbage-first heap   total 520192K, used 4156K [0x0000000606800000, 0x0000000800000000)
  region size 4096K, 1 young (4096K), 1 survivors (4096K)
 Metaspace       used 9639K, committed 9920K, reserved 1064960K
  class space    used 1012K, committed 1152K, reserved 1048576K
}

