# JRE version: OpenJDK Runtime Environment (17.0+35) (build 17+35-2724)
# Java VM: OpenJDK 64-Bit Server VM (17+35-2724, mixed mode, sharing, tiered, compressed oops, compressed class ptrs, g1 gc, windows-amd64)
GC Precious Log:
 CPUs: 18 total, 18 available
 Memory: 32348M
 Large Page Support: Disabled
 NUMA Support: Disabled
 Compressed Oops: Enabled (Zero based)
 Heap Region Size: 4M
 Heap Min Capacity: 8M
 Heap Initial Capacity: 508M
 Heap Max Capacity: 8088M
 Pre-touch: Disabled
 Parallel Workers: 14
 Concurrent Workers: 4
 Concurrent Refinement Workers: 14
 Periodic GC: Disabled
Heap:
 garbage-first heap   total 520192K, used 249908K [0x0000000606800000, 0x0000000800000000)
  region size 4096K, 62 young (253952K), 1 survivors (4096K)
 Metaspace       used 9712K, committed 9984K, reserved 1064960K
  class space    used 1015K, committed 1152K, reserved 1048576K
GC Heap History (20 events):
Event: 38.227 GC heap before
{Heap before GC invocations=159 (full 0):
 garbage-first heap   total 520192K, used 311340K [0x0000000606800000, 0x0000000800000000)
  region size 4096K, 76 young (311296K), 1 survivors (4096K)
 Metaspace       used 9686K, committed 9920K, reserved 1064960K
  class space    used 1013K, committed 1152K, reserved 1048576K
}
Event: 38.228 GC heap after
{Heap after GC invocations=160 (full 0):
 garbage-first heap   total 520192K, used 4140K [0x0000000606800000, 0x0000000800000000)
  region size 4096K, 1 young (4096K), 1 survivors (4096K)
 Metaspace       used 9686K, committed 9920K, reserved 1064960K
  class space    used 1013K, committed 1152K, reserved 1048576K
}
Event: 38.468 GC heap before
{Heap before GC invocations=160 (full 0):
 garbage-first heap   total 520192K, used 311340K [0x0000000606800000, 0x0000000800000000)
  region size 4096K, 76 young (311296K), 1 survivors (4096K)
 Metaspace       used 9686K, committed 9920K, reserved 1064960K
  class space    used 1013K, committed 1152K, reserved 1048576K
}
Event: 38.469 GC heap after
{Heap after GC invocations=161 (full 0):
 garbage-first heap   total 520192K, used 4142K [0x0000000606800000, 0x0000000800000000)
  region size 4096K, 1 young (4096K), 1 survivors (4096K)
 Metaspace       used 9686K, committed 9920K, reserved 1064960K
  class space    used 1013K, committed 1152K, reserved 1048576K
}
Event: 38.708 GC heap before
{Heap before GC invocations=161 (full 0):
 garbage-first heap   total 520192K, used 311342K [0x0000000606800000, 0x0000000800000000)
  region size 4096K, 76 young (311296K), 1 survivors (4096K)
 Metaspace       used 9692K, committed 9920K, reserved 1064960K
  class space    used 1013K, committed 1152K, reserved 1048576K
}
Event: 38.708 GC heap after
{Heap after GC invocations=162 (full 0):
 garbage-first heap   total 520192K, used 4140K [0x0000000606800000, 0x0000000800000000)
  region size 4096K, 1 young (4096K), 1 survivors (4096K)
 Metaspace       used 9692K, committed 9920K, reserved 1064960K
  class space    used 1013K, committed 1152K, reserved 1048576K
}
Event: 38.957 GC heap before
{Heap before GC invocations=162 (full 0):
 garbage-first heap   total 520192K, used 311340K [0x0000000606800000, 0x0000000800000000)
  region size 4096K, 76 young (311296K), 1 survivors (4096K)
 Metaspace       used 9692K, committed 9920K, reserved 1064960K
  class space    used 1013K, committed 1152K, reserved 1048576K
}
Event: 38.957 GC heap after
{Heap after GC invocations=163 (full 0):
 garbage-first heap   total 520192K, used 4142K [0x0000000606800000, 0x0000000800000000)
  region size 4096K, 1 young (4096K), 1 survivors (4096K)
 Metaspace       used 9692K, committed 9920K, reserved 1064960K
  class space    used 1013K, committed 1152K, reserved 1048576K
}
Event: 39.192 GC heap before
{Heap before GC invocations=163 (full 0):
 garbage-first heap   total 520192K, used 311342K [0x0000000606800000, 0x0000000800000000)
  region size 4096K, 76 young (311296K), 1 survivors (4096K)
 Metaspace       used 9692K, committed 9920K, reserved 1064960K
  class space    used 1013K, committed 1152K, reserved 1048576K
}
Event: 39.193 GC heap after
{Heap after GC invocations=164 (full 0):
 garbage-first heap   total 520192K, used 4142K [0x0000000606800000, 0x0000000800000000)
  region size 4096K, 1 young (4096K), 1 survivors (4096K)
 Metaspace       used 9692K, committed 9920K, reserved 1064960K
  class space    used 1013K, committed 1152K, reserved 1048576K
}
Event: 39.422 GC heap before
{Heap before GC invocations=164 (full 0):
 garbage-first heap   total 520192K, used 311342K [0x0000000606800000, 0x0000000800000000)
  region size 4096K, 76 young (311296K), 1 survivors (4096K)
 Metaspace       used 9692K, committed 9920K, reserved 1064960K
  class space    used 1013K, committed 1152K, reserved 1048576K
}
Event: 39.422 GC heap after
{Heap after GC invocations=165 (full 0):
 garbage-first heap   total 520192K, used 4142K [0x0000000606800000, 0x0000000800000000)
  region size 4096K, 1 young (4096K), 1 survivors (4096K)
 Metaspace       used 9692K, committed 9920K, reserved 1064960K
  class space    used 1013K, committed 1152K, reserved 1048576K
}
Event: 39.652 GC heap before
{Heap before GC invocations=165 (full 0):
 garbage-first heap   total 520192K, used 311342K [0x0000000606800000, 0x0000000800000000)
  region size 4096K, 76 young (311296K), 1 survivors (4096K)
 Metaspace       used 9692K, committed 9920K, reserved 1064960K
  class space    used 1013K, committed 1152K, reserved 1048576K
}
Event: 39.652 GC heap after
{Heap after GC invocations=166 (full 0):
 garbage-first heap   total 520192K, used 4142K [0x0000000606800000, 0x0000000800000000)
  region size 4096K, 1 young (4096K), 1 survivors (4096K)
 Metaspace       used 9692K, committed 9920K, reserved 1064960K
  class space    used 1013K, committed 1152K, reserved 1048576K
}
Event: 39.906 GC heap before
{Heap before GC invocations=166 (full 0):
 garbage-first heap   total 520192K, used 311342K [0x0000000606800000, 0x0000000800000000)
  region size 4096K, 76 young (311296K), 1 survivors (4096K)
 Metaspace       used 9692K, committed 9920K, reserved 1064960K
  class space    used 1013K, committed 1152K, reserved 1048576K
}
Event: 39.907 GC heap after
{Heap after GC invocations=167 (full 0):
 garbage-first heap   total 520192K, used 4142K [0x0000000606800000, 0x0000000800000000)
  region size 4096K, 1 young (4096K), 1 survivors (4096K)
 Metaspace       used 9692K, committed 9920K, reserved 1064960K
  class space    used 1013K, committed 1152K, reserved 1048576K
}
Event: 40.134 GC heap before
{Heap before GC invocations=167 (full 0):
 garbage-first heap   total 520192K, used 311342K [0x0000000606800000, 0x0000000800000000)
  region size 4096K, 76 young (311296K), 1 survivors (4096K)
 Metaspace       used 9692K, committed 9920K, reserved 1064960K
  class space    used 1013K, committed 1152K, reserved 1048576K
}
Event: 40.135 GC heap after
{Heap after GC invocations=168 (full 0):
 garbage-first heap   total 520192K, used 4148K [0x0000000606800000, 0x0000000800000000)
  region size 4096K, 1 young (4096K), 1 survivors (4096K)
 Metaspace       used 9692K, committed 9920K, reserved 1064960K
  class space    used 1013K, committed 1152K, reserved 1048576K
}
Event: 40.377 GC heap before
{Heap before GC invocations=168 (full 0):
 garbage-first heap   total 520192K, used 311348K [0x0000000606800000, 0x0000000800000000)
  region size 4096K, 76 young (311296K), 1 survivors (4096K)
 Metaspace       used 9692K, committed 9920K, reserved 1064960K
  class space    used 1013K, committed 1152K, reserved 1048576K
}
Event: 40.377 GC heap after
{Heap after GC invocations=169 (full 0):
 garbage-first heap   total 520192K, used 4148K [0x0000000606800000, 0x0000000800000000)
  region size 4096K, 1 young (4096K), 1 survivors (4096K)
 Metaspace       used 9692K, committed 9920K, reserved 1064960K
  class space    used 1013K, committed 1152K, reserved 1048576K
}

