# JRE version: OpenJDK Runtime Environment (17.0+35) (build 17+35-2724)
# Java VM: OpenJDK 64-Bit Server VM (17+35-2724, mixed mode, sharing, tiered, compressed oops, compressed class ptrs, g1 gc, windows-amd64)
GC Precious Log:
 CPUs: 18 total, 18 available
 Memory: 32348M
 Large Page Support: Disabled
 NUMA Support: Disabled
 Compressed Oops: Enabled (Zero based)
 Heap Region Size: 4M
 Heap Min Capacity: 8M
 Heap Initial Capacity: 508M
 Heap Max Capacity: 8088M
 Pre-touch: Disabled
 Parallel Workers: 14
 Concurrent Workers: 4
 Concurrent Refinement Workers: 14
 Periodic GC: Disabled
Heap:
 garbage-first heap   total 520192K, used 298975K [0x0000000606800000, 0x0000000800000000)
  region size 4096K, 74 young (303104K), 1 survivors (4096K)
 Metaspace       used 9590K, committed 9856K, reserved 1064960K
  class space    used 1014K, committed 1152K, reserved 1048576K
GC Heap History (20 events):
Event: 14.735 GC heap before
{Heap before GC invocations=44 (full 0):
 garbage-first heap   total 520192K, used 311250K [0x0000000606800000, 0x0000000800000000)
  region size 4096K, 76 young (311296K), 1 survivors (4096K)
 Metaspace       used 9523K, committed 9792K, reserved 1064960K
  class space    used 1012K, committed 1152K, reserved 1048576K
}
Event: 14.735 GC heap after
{Heap after GC invocations=45 (full 0):
 garbage-first heap   total 520192K, used 4050K [0x0000000606800000, 0x0000000800000000)
  region size 4096K, 1 young (4096K), 1 survivors (4096K)
 Metaspace       used 9523K, committed 9792K, reserved 1064960K
  class space    used 1012K, committed 1152K, reserved 1048576K
}
Event: 15.070 GC heap before
{Heap before GC invocations=45 (full 0):
 garbage-first heap   total 520192K, used 311250K [0x0000000606800000, 0x0000000800000000)
  region size 4096K, 76 young (311296K), 1 survivors (4096K)
 Metaspace       used 9525K, committed 9792K, reserved 1064960K
  class space    used 1012K, committed 1152K, reserved 1048576K
}
Event: 15.071 GC heap after
{Heap after GC invocations=46 (full 0):
 garbage-first heap   total 520192K, used 4052K [0x0000000606800000, 0x0000000800000000)
  region size 4096K, 1 young (4096K), 1 survivors (4096K)
 Metaspace       used 9525K, committed 9792K, reserved 1064960K
  class space    used 1012K, committed 1152K, reserved 1048576K
}
Event: 15.414 GC heap before
{Heap before GC invocations=46 (full 0):
 garbage-first heap   total 520192K, used 311252K [0x0000000606800000, 0x0000000800000000)
  region size 4096K, 76 young (311296K), 1 survivors (4096K)
 Metaspace       used 9525K, committed 9792K, reserved 1064960K
  class space    used 1012K, committed 1152K, reserved 1048576K
}
Event: 15.414 GC heap after
{Heap after GC invocations=47 (full 0):
 garbage-first heap   total 520192K, used 4056K [0x0000000606800000, 0x0000000800000000)
  region size 4096K, 1 young (4096K), 1 survivors (4096K)
 Metaspace       used 9525K, committed 9792K, reserved 1064960K
  class space    used 1012K, committed 1152K, reserved 1048576K
}
Event: 15.753 GC heap before
{Heap before GC invocations=47 (full 0):
 garbage-first heap   total 520192K, used 311256K [0x0000000606800000, 0x0000000800000000)
  region size 4096K, 76 young (311296K), 1 survivors (4096K)
 Metaspace       used 9526K, committed 9792K, reserved 1064960K
  class space    used 1012K, committed 1152K, reserved 1048576K
}
Event: 15.753 GC heap after
{Heap after GC invocations=48 (full 0):
 garbage-first heap   total 520192K, used 4060K [0x0000000606800000, 0x0000000800000000)
  region size 4096K, 1 young (4096K), 1 survivors (4096K)
 Metaspace       used 9526K, committed 9792K, reserved 1064960K
  class space    used 1012K, committed 1152K, reserved 1048576K
}
Event: 16.091 GC heap before
{Heap before GC invocations=48 (full 0):
 garbage-first heap   total 520192K, used 311260K [0x0000000606800000, 0x0000000800000000)
  region size 4096K, 76 young (311296K), 1 survivors (4096K)
 Metaspace       used 9560K, committed 9856K, reserved 1064960K
  class space    used 1012K, committed 1152K, reserved 1048576K
}
Event: 16.091 GC heap after
{Heap after GC invocations=49 (full 0):
 garbage-first heap   total 520192K, used 4058K [0x0000000606800000, 0x0000000800000000)
  region size 4096K, 1 young (4096K), 1 survivors (4096K)
 Metaspace       used 9560K, committed 9856K, reserved 1064960K
  class space    used 1012K, committed 1152K, reserved 1048576K
}
Event: 16.444 GC heap before
{Heap before GC invocations=49 (full 0):
 garbage-first heap   total 520192K, used 311258K [0x0000000606800000, 0x0000000800000000)
  region size 4096K, 76 young (311296K), 1 survivors (4096K)
 Metaspace       used 9564K, committed 9856K, reserved 1064960K
  class space    used 1012K, committed 1152K, reserved 1048576K
}
Event: 16.445 GC heap after
{Heap after GC invocations=50 (full 0):
 garbage-first heap   total 520192K, used 4056K [0x0000000606800000, 0x0000000800000000)
  region size 4096K, 1 young (4096K), 1 survivors (4096K)
 Metaspace       used 9564K, committed 9856K, reserved 1064960K
  class space    used 1012K, committed 1152K, reserved 1048576K
}
Event: 16.786 GC heap before
{Heap before GC invocations=50 (full 0):
 garbage-first heap   total 520192K, used 311256K [0x0000000606800000, 0x0000000800000000)
  region size 4096K, 76 young (311296K), 1 survivors (4096K)
 Metaspace       used 9564K, committed 9856K, reserved 1064960K
  class space    used 1012K, committed 1152K, reserved 1048576K
}
Event: 16.786 GC heap after
{Heap after GC invocations=51 (full 0):
 garbage-first heap   total 520192K, used 4057K [0x0000000606800000, 0x0000000800000000)
  region size 4096K, 1 young (4096K), 1 survivors (4096K)
 Metaspace       used 9564K, committed 9856K, reserved 1064960K
  class space    used 1012K, committed 1152K, reserved 1048576K
}
Event: 17.113 GC heap before
{Heap before GC invocations=51 (full 0):
 garbage-first heap   total 520192K, used 311257K [0x0000000606800000, 0x0000000800000000)
  region size 4096K, 76 young (311296K), 1 survivors (4096K)
 Metaspace       used 9565K, committed 9856K, reserved 1064960K
  class space    used 1012K, committed 1152K, reserved 1048576K
}
Event: 17.113 GC heap after
{Heap after GC invocations=52 (full 0):
 garbage-first heap   total 520192K, used 4069K [0x0000000606800000, 0x0000000800000000)
  region size 4096K, 1 young (4096K), 1 survivors (4096K)
 Metaspace       used 9565K, committed 9856K, reserved 1064960K
  class space    used 1012K, committed 1152K, reserved 1048576K
}
Event: 17.443 GC heap before
{Heap before GC invocations=52 (full 0):
 garbage-first heap   total 520192K, used 311269K [0x0000000606800000, 0x0000000800000000)
  region size 4096K, 76 young (311296K), 1 survivors (4096K)
 Metaspace       used 9572K, committed 9856K, reserved 1064960K
  class space    used 1012K, committed 1152K, reserved 1048576K
}
Event: 17.444 GC heap after
{Heap after GC invocations=53 (full 0):
 garbage-first heap   total 520192K, used 4061K [0x0000000606800000, 0x0000000800000000)
  region size 4096K, 1 young (4096K), 1 survivors (4096K)
 Metaspace       used 9572K, committed 9856K, reserved 1064960K
  class space    used 1012K, committed 1152K, reserved 1048576K
}
Event: 17.776 GC heap before
{Heap before GC invocations=53 (full 0):
 garbage-first heap   total 520192K, used 311261K [0x0000000606800000, 0x0000000800000000)
  region size 4096K, 76 young (311296K), 1 survivors (4096K)
 Metaspace       used 9572K, committed 9856K, reserved 1064960K
  class space    used 1012K, committed 1152K, reserved 1048576K
}
Event: 17.777 GC heap after
{Heap after GC invocations=54 (full 0):
 garbage-first heap   total 520192K, used 4063K [0x0000000606800000, 0x0000000800000000)
  region size 4096K, 1 young (4096K), 1 survivors (4096K)
 Metaspace       used 9572K, committed 9856K, reserved 1064960K
  class space    used 1012K, committed 1152K, reserved 1048576K
}

